{"E:\\OJT NMMC\\nmmc-queueing-sys\\nmmcqueue-backend\\src\\lib\\logger.ts": {"path":"E:\\OJT NMMC\\nmmc-queueing-sys\\nmmcqueue-backend\\src\\lib\\logger.ts","statementMap":{"0":{"start":{"line":1,"column":0},"end":{"line":1,"column":23}},"1":{"start":{"line":2,"column":0},"end":{"line":2,"column":30}},"2":{"start":{"line":4,"column":55},"end":{"line":4,"column":69}},"3":{"start":{"line":5,"column":17},"end":{"line":5,"column":29}},"4":{"start":{"line":6,"column":23},"end":{"line":21,"column":2}},"5":{"start":{"line":24,"column":4},"end":{"line":26,"column":5}},"6":{"start":{"line":25,"column":8},"end":{"line":25,"column":43}},"7":{"start":{"line":28,"column":4},"end":{"line":37,"column":5}},"8":{"start":{"line":29,"column":8},"end":{"line":36,"column":10}},"9":{"start":{"line":31,"column":16},"end":{"line":33,"column":17}},"10":{"start":{"line":32,"column":20},"end":{"line":32,"column":43}},"11":{"start":{"line":34,"column":16},"end":{"line":34,"column":59}},"12":{"start":{"line":39,"column":4},"end":{"line":39,"column":17}},"13":{"start":{"line":42,"column":23},"end":{"line":45,"column":2}},"14":{"start":{"line":43,"column":22},"end":{"line":43,"column":71}},"15":{"start":{"line":44,"column":4},"end":{"line":44,"column":37}},"16":{"start":{"line":48,"column":22},"end":{"line":54,"column":2}},"17":{"start":{"line":49,"column":14},"end":{"line":49,"column":51}},"18":{"start":{"line":50,"column":4},"end":{"line":52,"column":5}},"19":{"start":{"line":51,"column":8},"end":{"line":51,"column":46}},"20":{"start":{"line":53,"column":4},"end":{"line":53,"column":15}},"21":{"start":{"line":56,"column":15},"end":{"line":79,"column":2}},"22":{"start":{"line":82,"column":0},"end":{"line":91,"column":1}},"23":{"start":{"line":83,"column":4},"end":{"line":90,"column":8}},"24":{"start":{"line":93,"column":0},"end":{"line":93,"column":22}}},"fnMap":{"0":{"name":"sanitizeLogValue","decl":{"start":{"line":23,"column":9},"end":{"line":23,"column":25}},"loc":{"start":{"line":23,"column":40},"end":{"line":40,"column":1}}},"1":{"name":"(anonymous_2)","decl":{"start":{"line":30,"column":65},"end":{"line":30,"column":66}},"loc":{"start":{"line":30,"column":87},"end":{"line":35,"column":13}}},"2":{"name":"(anonymous_3)","decl":{"start":{"line":42,"column":38},"end":{"line":42,"column":39}},"loc":{"start":{"line":42,"column":47},"end":{"line":45,"column":1}}},"3":{"name":"(anonymous_4)","decl":{"start":{"line":48,"column":29},"end":{"line":48,"column":30}},"loc":{"start":{"line":48,"column":76},"end":{"line":54,"column":1}}}},"branchMap":{"0":{"loc":{"start":{"line":24,"column":4},"end":{"line":26,"column":5}},"type":"if","locations":[{"start":{"line":24,"column":4},"end":{"line":26,"column":5}},{"start":{},"end":{}}]},"1":{"loc":{"start":{"line":28,"column":4},"end":{"line":37,"column":5}},"type":"if","locations":[{"start":{"line":28,"column":4},"end":{"line":37,"column":5}},{"start":{},"end":{}}]},"2":{"loc":{"start":{"line":28,"column":8},"end":{"line":28,"column":42}},"type":"binary-expr","locations":[{"start":{"line":28,"column":8},"end":{"line":28,"column":13}},{"start":{"line":28,"column":17},"end":{"line":28,"column":42}}]},"3":{"loc":{"start":{"line":31,"column":16},"end":{"line":33,"column":17}},"type":"if","locations":[{"start":{"line":31,"column":16},"end":{"line":33,"column":17}},{"start":{},"end":{}}]},"4":{"loc":{"start":{"line":50,"column":4},"end":{"line":52,"column":5}},"type":"if","locations":[{"start":{"line":50,"column":4},"end":{"line":52,"column":5}},{"start":{},"end":{}}]},"5":{"loc":{"start":{"line":57,"column":11},"end":{"line":57,"column":42}},"type":"binary-expr","locations":[{"start":{"line":57,"column":11},"end":{"line":57,"column":32}},{"start":{"line":57,"column":36},"end":{"line":57,"column":42}}]},"6":{"loc":{"start":{"line":82,"column":0},"end":{"line":91,"column":1}},"type":"if","locations":[{"start":{"line":82,"column":0},"end":{"line":91,"column":1}},{"start":{},"end":{}}]}},"s":{"0":4,"1":4,"2":4,"3":4,"4":4,"5":119,"6":0,"7":119,"8":14,"9":105,"10":0,"11":105,"12":105,"13":4,"14":14,"15":14,"16":4,"17":7,"18":7,"19":7,"20":7,"21":4,"22":4,"23":4,"24":4},"f":{"0":119,"1":105,"2":14,"3":7},"b":{"0":[0,119],"1":[14,105],"2":[119,119],"3":[0,105],"4":[7,0],"5":[4,4],"6":[4,0]}}
,"E:\\OJT NMMC\\nmmc-queueing-sys\\nmmcqueue-backend\\src\\lib\\monitor-sanitizer.ts": {"path":"E:\\OJT NMMC\\nmmc-queueing-sys\\nmmcqueue-backend\\src\\lib\\monitor-sanitizer.ts","statementMap":{"0":{"start":{"line":22,"column":0},"end":{"line":22,"column":16}},"1":{"start":{"line":37,"column":0},"end":{"line":37,"column":16}},"2":{"start":{"line":50,"column":0},"end":{"line":50,"column":16}},"3":{"start":{"line":16,"column":4},"end":{"line":16,"column":28}},"4":{"start":{"line":16,"column":16},"end":{"line":16,"column":28}},"5":{"start":{"line":17,"column":4},"end":{"line":17,"column":58}},"6":{"start":{"line":17,"column":31},"end":{"line":17,"column":58}},"7":{"start":{"line":18,"column":19},"end":{"line":18,"column":34}},"8":{"start":{"line":19,"column":4},"end":{"line":19,"column":72}},"9":{"start":{"line":23,"column":4},"end":{"line":23,"column":29}},"10":{"start":{"line":23,"column":17},"end":{"line":23,"column":29}},"11":{"start":{"line":25,"column":4},"end":{"line":34,"column":6}},"12":{"start":{"line":38,"column":4},"end":{"line":40,"column":5}},"13":{"start":{"line":39,"column":8},"end":{"line":39,"column":56}},"14":{"start":{"line":42,"column":4},"end":{"line":47,"column":6}},"15":{"start":{"line":44,"column":29},"end":{"line":44,"column":58}},"16":{"start":{"line":45,"column":97},"end":{"line":45,"column":112}},"17":{"start":{"line":46,"column":81},"end":{"line":46,"column":107}},"18":{"start":{"line":51,"column":4},"end":{"line":53,"column":5}},"19":{"start":{"line":52,"column":8},"end":{"line":52,"column":23}},"20":{"start":{"line":55,"column":4},"end":{"line":58,"column":5}},"21":{"start":{"line":56,"column":23},"end":{"line":56,"column":96}},"22":{"start":{"line":57,"column":8},"end":{"line":57,"column":54}},"23":{"start":{"line":60,"column":4},"end":{"line":63,"column":5}},"24":{"start":{"line":61,"column":27},"end":{"line":61,"column":72}},"25":{"start":{"line":62,"column":8},"end":{"line":62,"column":79}},"26":{"start":{"line":65,"column":4},"end":{"line":71,"column":5}},"27":{"start":{"line":66,"column":8},"end":{"line":70,"column":10}},"28":{"start":{"line":68,"column":46},"end":{"line":68,"column":72}},"29":{"start":{"line":73,"column":4},"end":{"line":75,"column":5}},"30":{"start":{"line":74,"column":8},"end":{"line":74,"column":71}},"31":{"start":{"line":77,"column":4},"end":{"line":77,"column":19}}},"fnMap":{"0":{"name":"toIsoString","decl":{"start":{"line":15,"column":9},"end":{"line":15,"column":20}},"loc":{"start":{"line":15,"column":60},"end":{"line":20,"column":1}}},"1":{"name":"sanitizeMonitorWindow","decl":{"start":{"line":22,"column":16},"end":{"line":22,"column":37}},"loc":{"start":{"line":22,"column":82},"end":{"line":35,"column":1}}},"2":{"name":"sanitizeMonitorSnapshot","decl":{"start":{"line":37,"column":16},"end":{"line":37,"column":39}},"loc":{"start":{"line":37,"column":77},"end":{"line":48,"column":1}}},"3":{"name":"(anonymous_3)","decl":{"start":{"line":44,"column":17},"end":{"line":44,"column":18}},"loc":{"start":{"line":44,"column":29},"end":{"line":44,"column":58}}},"4":{"name":"(anonymous_4)","decl":{"start":{"line":45,"column":20},"end":{"line":45,"column":21}},"loc":{"start":{"line":45,"column":97},"end":{"line":45,"column":112}}},"5":{"name":"(anonymous_5)","decl":{"start":{"line":46,"column":51},"end":{"line":46,"column":52}},"loc":{"start":{"line":46,"column":81},"end":{"line":46,"column":107}}},"6":{"name":"sanitizePublicMonitorPayload","decl":{"start":{"line":50,"column":16},"end":{"line":50,"column":44}},"loc":{"start":{"line":50,"column":75},"end":{"line":78,"column":1}}},"7":{"name":"(anonymous_7)","decl":{"start":{"line":68,"column":16},"end":{"line":68,"column":17}},"loc":{"start":{"line":68,"column":46},"end":{"line":68,"column":72}}}},"branchMap":{"0":{"loc":{"start":{"line":16,"column":4},"end":{"line":16,"column":28}},"type":"if","locations":[{"start":{"line":16,"column":4},"end":{"line":16,"column":28}},{"start":{},"end":{}}]},"1":{"loc":{"start":{"line":17,"column":4},"end":{"line":17,"column":58}},"type":"if","locations":[{"start":{"line":17,"column":4},"end":{"line":17,"column":58}},{"start":{},"end":{}}]},"2":{"loc":{"start":{"line":19,"column":11},"end":{"line":19,"column":71}},"type":"cond-expr","locations":[{"start":{"line":19,"column":44},"end":{"line":19,"column":48}},{"start":{"line":19,"column":51},"end":{"line":19,"column":71}}]},"3":{"loc":{"start":{"line":23,"column":4},"end":{"line":23,"column":29}},"type":"if","locations":[{"start":{"line":23,"column":4},"end":{"line":23,"column":29}},{"start":{},"end":{}}]},"4":{"loc":{"start":{"line":26,"column":19},"end":{"line":26,"column":78}},"type":"cond-expr","locations":[{"start":{"line":26,"column":58},"end":{"line":26,"column":74}},{"start":{"line":26,"column":77},"end":{"line":26,"column":78}}]},"5":{"loc":{"start":{"line":27,"column":20},"end":{"line":27,"column":82}},"type":"cond-expr","locations":[{"start":{"line":27,"column":60},"end":{"line":27,"column":77}},{"start":{"line":27,"column":80},"end":{"line":27,"column":82}}]},"6":{"loc":{"start":{"line":28,"column":22},"end":{"line":28,"column":90}},"type":"cond-expr","locations":[{"start":{"line":28,"column":64},"end":{"line":28,"column":83}},{"start":{"line":28,"column":86},"end":{"line":28,"column":90}}]},"7":{"loc":{"start":{"line":29,"column":23},"end":{"line":29,"column":93}},"type":"cond-expr","locations":[{"start":{"line":29,"column":66},"end":{"line":29,"column":86}},{"start":{"line":29,"column":89},"end":{"line":29,"column":93}}]},"8":{"loc":{"start":{"line":30,"column":23},"end":{"line":32,"column":152}},"type":"cond-expr","locations":[{"start":{"line":31,"column":14},"end":{"line":31,"column":34}},{"start":{"line":32,"column":15},"end":{"line":32,"column":151}}]},"9":{"loc":{"start":{"line":32,"column":15},"end":{"line":32,"column":151}},"type":"cond-expr","locations":[{"start":{"line":32,"column":58},"end":{"line":32,"column":78}},{"start":{"line":32,"column":82},"end":{"line":32,"column":150}}]},"10":{"loc":{"start":{"line":32,"column":82},"end":{"line":32,"column":150}},"type":"cond-expr","locations":[{"start":{"line":32,"column":124},"end":{"line":32,"column":143}},{"start":{"line":32,"column":146},"end":{"line":32,"column":150}}]},"11":{"loc":{"start":{"line":38,"column":4},"end":{"line":40,"column":5}},"type":"if","locations":[{"start":{"line":38,"column":4},"end":{"line":40,"column":5}},{"start":{},"end":{}}]},"12":{"loc":{"start":{"line":43,"column":17},"end":{"line":43,"column":38}},"type":"binary-expr","locations":[{"start":{"line":43,"column":17},"end":{"line":43,"column":32}},{"start":{"line":43,"column":36},"end":{"line":43,"column":38}}]},"13":{"loc":{"start":{"line":46,"column":19},"end":{"line":46,"column":42}},"type":"binary-expr","locations":[{"start":{"line":46,"column":19},"end":{"line":46,"column":36}},{"start":{"line":46,"column":40},"end":{"line":46,"column":42}}]},"14":{"loc":{"start":{"line":51,"column":4},"end":{"line":53,"column":5}},"type":"if","locations":[{"start":{"line":51,"column":4},"end":{"line":53,"column":5}},{"start":{},"end":{}}]},"15":{"loc":{"start":{"line":51,"column":8},"end":{"line":51,"column":47}},"type":"binary-expr","locations":[{"start":{"line":51,"column":8},"end":{"line":51,"column":16}},{"start":{"line":51,"column":20},"end":{"line":51,"column":47}}]},"16":{"loc":{"start":{"line":55,"column":4},"end":{"line":58,"column":5}},"type":"if","locations":[{"start":{"line":55,"column":4},"end":{"line":58,"column":5}},{"start":{},"end":{}}]},"17":{"loc":{"start":{"line":57,"column":15},"end":{"line":57,"column":53}},"type":"cond-expr","locations":[{"start":{"line":57,"column":24},"end":{"line":57,"column":34}},{"start":{"line":57,"column":37},"end":{"line":57,"column":53}}]},"18":{"loc":{"start":{"line":60,"column":4},"end":{"line":63,"column":5}},"type":"if","locations":[{"start":{"line":60,"column":4},"end":{"line":63,"column":5}},{"start":{},"end":{}}]},"19":{"loc":{"start":{"line":62,"column":28},"end":{"line":62,"column":76}},"type":"cond-expr","locations":[{"start":{"line":62,"column":60},"end":{"line":62,"column":69}},{"start":{"line":62,"column":72},"end":{"line":62,"column":76}}]},"20":{"loc":{"start":{"line":65,"column":4},"end":{"line":71,"column":5}},"type":"if","locations":[{"start":{"line":65,"column":4},"end":{"line":71,"column":5}},{"start":{},"end":{}}]},"21":{"loc":{"start":{"line":67,"column":24},"end":{"line":67,"column":75}},"type":"binary-expr","locations":[{"start":{"line":67,"column":24},"end":{"line":67,"column":69}},{"start":{"line":67,"column":73},"end":{"line":67,"column":75}}]},"22":{"loc":{"start":{"line":73,"column":4},"end":{"line":75,"column":5}},"type":"if","locations":[{"start":{"line":73,"column":4},"end":{"line":75,"column":5}},{"start":{},"end":{}}]}},"s":{"0":1,"1":1,"2":1,"3":0,"4":0,"5":0,"6":0,"7":0,"8":0,"9":0,"10":0,"11":0,"12":2,"13":0,"14":2,"15":0,"16":0,"17":0,"18":0,"19":0,"20":0,"21":0,"22":0,"23":0,"24":0,"25":0,"26":0,"27":0,"28":0,"29":0,"30":0,"31":0},"f":{"0":0,"1":0,"2":2,"3":0,"4":0,"5":0,"6":0,"7":0},"b":{"0":[0,0],"1":[0,0],"2":[0,0],"3":[0,0],"4":[0,0],"5":[0,0],"6":[0,0],"7":[0,0],"8":[0,0],"9":[0,0],"10":[0,0],"11":[0,2],"12":[2,0],"13":[2,0],"14":[0,0],"15":[0,0],"16":[0,0],"17":[0,0],"18":[0,0],"19":[0,0],"20":[0,0],"21":[0,0],"22":[0,0]}}
,"E:\\OJT NMMC\\nmmc-queueing-sys\\nmmcqueue-backend\\src\\lib\\queue-business-day.ts": {"path":"E:\\OJT NMMC\\nmmc-queueing-sys\\nmmcqueue-backend\\src\\lib\\queue-business-day.ts","statementMap":{"0":{"start":{"line":3,"column":0},"end":{"line":3,"column":16}},"1":{"start":{"line":14,"column":0},"end":{"line":14,"column":16}},"2":{"start":{"line":1,"column":27},"end":{"line":1,"column":40}},"3":{"start":{"line":4,"column":22},"end":{"line":9,"column":6}},"4":{"start":{"line":11,"column":4},"end":{"line":11,"column":34}},"5":{"start":{"line":15,"column":4},"end":{"line":15,"column":30}}},"fnMap":{"0":{"name":"getQueueBusinessDay","decl":{"start":{"line":3,"column":16},"end":{"line":3,"column":35}},"loc":{"start":{"line":3,"column":53},"end":{"line":12,"column":1}}},"1":{"name":"getBusinessTimeZone","decl":{"start":{"line":14,"column":16},"end":{"line":14,"column":35}},"loc":{"start":{"line":14,"column":35},"end":{"line":16,"column":1}}}},"branchMap":{"0":{"loc":{"start":{"line":3,"column":36},"end":{"line":3,"column":53}},"type":"default-arg","locations":[{"start":{"line":3,"column":43},"end":{"line":3,"column":53}}]}},"s":{"0":5,"1":5,"2":5,"3":25,"4":25,"5":1},"f":{"0":25,"1":1},"b":{"0":[19]}}
,"E:\\OJT NMMC\\nmmc-queueing-sys\\nmmcqueue-backend\\src\\middleware\\error-handler.ts": {"path":"E:\\OJT NMMC\\nmmc-queueing-sys\\nmmcqueue-backend\\src\\middleware\\error-handler.ts","statementMap":{"0":{"start":{"line":2,"column":0},"end":{"line":2,"column":38}},"1":{"start":{"line":11,"column":8},"end":{"line":11,"column":23}},"2":{"start":{"line":12,"column":8},"end":{"line":12,"column":37}},"3":{"start":{"line":13,"column":8},"end":{"line":13,"column":25}},"4":{"start":{"line":14,"column":8},"end":{"line":14,"column":43}},"5":{"start":{"line":15,"column":8},"end":{"line":15,"column":56}},"6":{"start":{"line":5,"column":0},"end":{"line":5,"column":13}},"7":{"start":{"line":20,"column":20},"end":{"line":20,"column":56}},"8":{"start":{"line":21,"column":4},"end":{"line":21,"column":28}},"9":{"start":{"line":24,"column":28},"end":{"line":60,"column":1}},"10":{"start":{"line":25,"column":23},"end":{"line":25,"column":44}},"11":{"start":{"line":26,"column":19},"end":{"line":26,"column":75}},"12":{"start":{"line":27,"column":26},"end":{"line":27,"column":64}},"13":{"start":{"line":28,"column":19},"end":{"line":28,"column":40}},"14":{"start":{"line":31,"column":4},"end":{"line":46,"column":5}},"15":{"start":{"line":32,"column":8},"end":{"line":38,"column":11}},"16":{"start":{"line":39,"column":11},"end":{"line":46,"column":5}},"17":{"start":{"line":40,"column":8},"end":{"line":45,"column":11}},"18":{"start":{"line":48,"column":26},"end":{"line":50,"column":43}},"19":{"start":{"line":52,"column":4},"end":{"line":59,"column":7}},"20":{"start":{"line":24,"column":13},"end":{"line":24,"column":28}},"21":{"start":{"line":65,"column":28},"end":{"line":67,"column":1}},"22":{"start":{"line":65,"column":46},"end":{"line":67,"column":1}},"23":{"start":{"line":66,"column":4},"end":{"line":66,"column":52}},"24":{"start":{"line":65,"column":13},"end":{"line":65,"column":28}}},"fnMap":{"0":{"name":"(anonymous_1)","decl":{"start":{"line":10,"column":4},"end":{"line":10,"column":16}},"loc":{"start":{"line":10,"column":103},"end":{"line":16,"column":5}}},"1":{"name":"getRequestUserId","decl":{"start":{"line":19,"column":9},"end":{"line":19,"column":25}},"loc":{"start":{"line":19,"column":38},"end":{"line":22,"column":1}}},"2":{"name":"(anonymous_3)","decl":{"start":{"line":24,"column":28},"end":{"line":24,"column":29}},"loc":{"start":{"line":24,"column":90},"end":{"line":60,"column":1}}},"3":{"name":"(anonymous_4)","decl":{"start":{"line":65,"column":28},"end":{"line":65,"column":29}},"loc":{"start":{"line":65,"column":46},"end":{"line":67,"column":1}}},"4":{"name":"(anonymous_5)","decl":{"start":{"line":65,"column":46},"end":{"line":65,"column":47}},"loc":{"start":{"line":65,"column":98},"end":{"line":67,"column":1}}}},"branchMap":{"0":{"loc":{"start":{"line":10,"column":33},"end":{"line":10,"column":57}},"type":"default-arg","locations":[{"start":{"line":10,"column":54},"end":{"line":10,"column":57}}]},"1":{"loc":{"start":{"line":10,"column":74},"end":{"line":10,"column":103}},"type":"default-arg","locations":[{"start":{"line":10,"column":99},"end":{"line":10,"column":103}}]},"2":{"loc":{"start":{"line":25,"column":23},"end":{"line":25,"column":44}},"type":"binary-expr","locations":[{"start":{"line":25,"column":23},"end":{"line":25,"column":37}},{"start":{"line":25,"column":41},"end":{"line":25,"column":44}}]},"3":{"loc":{"start":{"line":26,"column":19},"end":{"line":26,"column":75}},"type":"cond-expr","locations":[{"start":{"line":26,"column":59},"end":{"line":26,"column":65}},{"start":{"line":26,"column":68},"end":{"line":26,"column":75}}]},"4":{"loc":{"start":{"line":26,"column":19},"end":{"line":26,"column":56}},"type":"binary-expr","locations":[{"start":{"line":26,"column":19},"end":{"line":26,"column":36}},{"start":{"line":26,"column":40},"end":{"line":26,"column":56}}]},"5":{"loc":{"start":{"line":31,"column":4},"end":{"line":46,"column":5}},"type":"if","locations":[{"start":{"line":31,"column":4},"end":{"line":46,"column":5}},{"start":{"line":39,"column":11},"end":{"line":46,"column":5}}]},"6":{"loc":{"start":{"line":39,"column":11},"end":{"line":46,"column":5}},"type":"if","locations":[{"start":{"line":39,"column":11},"end":{"line":46,"column":5}},{"start":{},"end":{}}]},"7":{"loc":{"start":{"line":48,"column":26},"end":{"line":50,"column":43}},"type":"cond-expr","locations":[{"start":{"line":49,"column":10},"end":{"line":49,"column":33}},{"start":{"line":50,"column":11},"end":{"line":50,"column":42}}]},"8":{"loc":{"start":{"line":50,"column":11},"end":{"line":50,"column":42}},"type":"binary-expr","locations":[{"start":{"line":50,"column":11},"end":{"line":50,"column":22}},{"start":{"line":50,"column":26},"end":{"line":50,"column":42}}]},"9":{"loc":{"start":{"line":56,"column":14},"end":{"line":56,"column":35}},"type":"binary-expr","locations":[{"start":{"line":56,"column":14},"end":{"line":56,"column":22}},{"start":{"line":56,"column":26},"end":{"line":56,"column":35}}]},"10":{"loc":{"start":{"line":57,"column":12},"end":{"line":57,"column":49}},"type":"binary-expr","locations":[{"start":{"line":57,"column":12},"end":{"line":57,"column":25}},{"start":{"line":57,"column":29},"end":{"line":57,"column":49}}]},"11":{"loc":{"start":{"line":58,"column":16},"end":{"line":58,"column":39}},"type":"binary-expr","locations":[{"start":{"line":58,"column":16},"end":{"line":58,"column":26}},{"start":{"line":58,"column":30},"end":{"line":58,"column":39}}]}},"s":{"0":4,"1":14,"2":14,"3":14,"4":14,"5":14,"6":4,"7":7,"8":7,"9":4,"10":7,"11":7,"12":7,"13":7,"14":7,"15":0,"16":7,"17":7,"18":7,"19":7,"20":4,"21":4,"22":30,"23":21,"24":4},"f":{"0":14,"1":7,"2":7,"3":30,"4":21},"b":{"0":[0],"1":[14],"2":[7,0],"3":[7,0],"4":[7,7],"5":[0,7],"6":[7,0],"7":[0,7],"8":[7,0],"9":[7,6],"10":[7,0],"11":[7,7]}}
,"E:\\OJT NMMC\\nmmc-queueing-sys\\nmmcqueue-backend\\src\\middleware\\rate-limit.ts": {"path":"E:\\OJT NMMC\\nmmc-queueing-sys\\nmmcqueue-backend\\src\\middleware\\rate-limit.ts","statementMap":{"0":{"start":{"line":1,"column":0},"end":{"line":1,"column":43}},"1":{"start":{"line":8,"column":13},"end":{"line":17,"column":3}},"2":{"start":{"line":22,"column":13},"end":{"line":31,"column":3}},"3":{"start":{"line":37,"column":13},"end":{"line":46,"column":3}},"4":{"start":{"line":48,"column":13},"end":{"line":57,"column":3}},"5":{"start":{"line":59,"column":13},"end":{"line":68,"column":3}}},"fnMap":{},"branchMap":{},"s":{"0":1,"1":1,"2":1,"3":1,"4":1,"5":1},"f":{},"b":{}}
,"E:\\OJT NMMC\\nmmc-queueing-sys\\nmmcqueue-backend\\src\\middleware\\rbac.ts": {"path":"E:\\OJT NMMC\\nmmc-queueing-sys\\nmmcqueue-backend\\src\\middleware\\rbac.ts","statementMap":{"0":{"start":{"line":2,"column":0},"end":{"line":2,"column":96}},"1":{"start":{"line":5,"column":52},"end":{"line":20,"column":2}},"2":{"start":{"line":23,"column":4},"end":{"line":23,"column":66}},"3":{"start":{"line":26,"column":27},"end":{"line":40,"column":1}},"4":{"start":{"line":27,"column":4},"end":{"line":39,"column":5}},"5":{"start":{"line":28,"column":21},"end":{"line":28,"column":54}},"6":{"start":{"line":29,"column":8},"end":{"line":31,"column":9}},"7":{"start":{"line":30,"column":12},"end":{"line":30,"column":94}},"8":{"start":{"line":32,"column":9},"end":{"line":32,"column":50}},"9":{"start":{"line":33,"column":8},"end":{"line":33,"column":15}},"10":{"start":{"line":35,"column":8},"end":{"line":37,"column":9}},"11":{"start":{"line":36,"column":12},"end":{"line":36,"column":50}},"12":{"start":{"line":38,"column":8},"end":{"line":38,"column":92}},"13":{"start":{"line":26,"column":13},"end":{"line":26,"column":27}},"14":{"start":{"line":42,"column":27},"end":{"line":62,"column":1}},"15":{"start":{"line":43,"column":4},"end":{"line":61,"column":6}},"16":{"start":{"line":44,"column":8},"end":{"line":60,"column":9}},"17":{"start":{"line":45,"column":25},"end":{"line":45,"column":58}},"18":{"start":{"line":46,"column":12},"end":{"line":48,"column":13}},"19":{"start":{"line":47,"column":16},"end":{"line":47,"column":98}},"20":{"start":{"line":49,"column":13},"end":{"line":49,"column":54}},"21":{"start":{"line":50,"column":29},"end":{"line":50,"column":38}},"22":{"start":{"line":51,"column":12},"end":{"line":53,"column":13}},"23":{"start":{"line":52,"column":16},"end":{"line":52,"column":119}},"24":{"start":{"line":54,"column":12},"end":{"line":54,"column":19}},"25":{"start":{"line":56,"column":12},"end":{"line":58,"column":13}},"26":{"start":{"line":57,"column":16},"end":{"line":57,"column":54}},"27":{"start":{"line":59,"column":12},"end":{"line":59,"column":95}},"28":{"start":{"line":42,"column":13},"end":{"line":42,"column":27}},"29":{"start":{"line":64,"column":33},"end":{"line":88,"column":1}},"30":{"start":{"line":65,"column":4},"end":{"line":87,"column":6}},"31":{"start":{"line":66,"column":8},"end":{"line":86,"column":9}},"32":{"start":{"line":67,"column":25},"end":{"line":67,"column":58}},"33":{"start":{"line":68,"column":12},"end":{"line":70,"column":13}},"34":{"start":{"line":69,"column":16},"end":{"line":69,"column":98}},"35":{"start":{"line":72,"column":13},"end":{"line":72,"column":54}},"36":{"start":{"line":73,"column":12},"end":{"line":78,"column":13}},"37":{"start":{"line":74,"column":16},"end":{"line":77,"column":19}},"38":{"start":{"line":80,"column":12},"end":{"line":80,"column":19}},"39":{"start":{"line":82,"column":12},"end":{"line":84,"column":13}},"40":{"start":{"line":83,"column":16},"end":{"line":83,"column":54}},"41":{"start":{"line":85,"column":12},"end":{"line":85,"column":95}},"42":{"start":{"line":64,"column":13},"end":{"line":64,"column":33}}},"fnMap":{"0":{"name":"hasCapability","decl":{"start":{"line":22,"column":9},"end":{"line":22,"column":22}},"loc":{"start":{"line":22,"column":55},"end":{"line":24,"column":1}}},"1":{"name":"(anonymous_1)","decl":{"start":{"line":26,"column":27},"end":{"line":26,"column":32}},"loc":{"start":{"line":26,"column":85},"end":{"line":40,"column":1}}},"2":{"name":"(anonymous_2)","decl":{"start":{"line":42,"column":27},"end":{"line":42,"column":28}},"loc":{"start":{"line":42,"column":47},"end":{"line":62,"column":1}}},"3":{"name":"(anonymous_3)","decl":{"start":{"line":43,"column":11},"end":{"line":43,"column":16}},"loc":{"start":{"line":43,"column":69},"end":{"line":61,"column":5}}},"4":{"name":"(anonymous_4)","decl":{"start":{"line":64,"column":33},"end":{"line":64,"column":34}},"loc":{"start":{"line":64,"column":56},"end":{"line":88,"column":1}}},"5":{"name":"(anonymous_5)","decl":{"start":{"line":65,"column":11},"end":{"line":65,"column":16}},"loc":{"start":{"line":65,"column":69},"end":{"line":87,"column":5}}}},"branchMap":{"0":{"loc":{"start":{"line":23,"column":11},"end":{"line":23,"column":65}},"type":"binary-expr","locations":[{"start":{"line":23,"column":11},"end":{"line":23,"column":56}},{"start":{"line":23,"column":60},"end":{"line":23,"column":65}}]},"1":{"loc":{"start":{"line":29,"column":8},"end":{"line":31,"column":9}},"type":"if","locations":[{"start":{"line":29,"column":8},"end":{"line":31,"column":9}},{"start":{},"end":{}}]},"2":{"loc":{"start":{"line":35,"column":8},"end":{"line":37,"column":9}},"type":"if","locations":[{"start":{"line":35,"column":8},"end":{"line":37,"column":9}},{"start":{},"end":{}}]},"3":{"loc":{"start":{"line":35,"column":12},"end":{"line":35,"column":80}},"type":"binary-expr","locations":[{"start":{"line":35,"column":12},"end":{"line":35,"column":34}},{"start":{"line":35,"column":38},"end":{"line":35,"column":80}}]},"4":{"loc":{"start":{"line":46,"column":12},"end":{"line":48,"column":13}},"type":"if","locations":[{"start":{"line":46,"column":12},"end":{"line":48,"column":13}},{"start":{},"end":{}}]},"5":{"loc":{"start":{"line":51,"column":12},"end":{"line":53,"column":13}},"type":"if","locations":[{"start":{"line":51,"column":12},"end":{"line":53,"column":13}},{"start":{},"end":{}}]},"6":{"loc":{"start":{"line":51,"column":16},"end":{"line":51,"column":65}},"type":"binary-expr","locations":[{"start":{"line":51,"column":16},"end":{"line":51,"column":36}},{"start":{"line":51,"column":40},"end":{"line":51,"column":65}}]},"7":{"loc":{"start":{"line":56,"column":12},"end":{"line":58,"column":13}},"type":"if","locations":[{"start":{"line":56,"column":12},"end":{"line":58,"column":13}},{"start":{},"end":{}}]},"8":{"loc":{"start":{"line":56,"column":16},"end":{"line":56,"column":84}},"type":"binary-expr","locations":[{"start":{"line":56,"column":16},"end":{"line":56,"column":38}},{"start":{"line":56,"column":42},"end":{"line":56,"column":84}}]},"9":{"loc":{"start":{"line":68,"column":12},"end":{"line":70,"column":13}},"type":"if","locations":[{"start":{"line":68,"column":12},"end":{"line":70,"column":13}},{"start":{},"end":{}}]},"10":{"loc":{"start":{"line":73,"column":12},"end":{"line":78,"column":13}},"type":"if","locations":[{"start":{"line":73,"column":12},"end":{"line":78,"column":13}},{"start":{},"end":{}}]},"11":{"loc":{"start":{"line":82,"column":12},"end":{"line":84,"column":13}},"type":"if","locations":[{"start":{"line":82,"column":12},"end":{"line":84,"column":13}},{"start":{},"end":{}}]},"12":{"loc":{"start":{"line":82,"column":16},"end":{"line":82,"column":84}},"type":"binary-expr","locations":[{"start":{"line":82,"column":16},"end":{"line":82,"column":38}},{"start":{"line":82,"column":42},"end":{"line":82,"column":84}}]}},"s":{"0":3,"1":3,"2":9,"3":3,"4":3,"5":3,"6":3,"7":1,"8":2,"9":2,"10":0,"11":0,"12":0,"13":3,"14":3,"15":7,"16":20,"17":20,"18":20,"19":1,"20":19,"21":19,"22":19,"23":5,"24":14,"25":0,"26":0,"27":0,"28":3,"29":3,"30":7,"31":9,"32":9,"33":9,"34":0,"35":9,"36":9,"37":1,"38":8,"39":0,"40":0,"41":0,"42":3},"f":{"0":9,"1":3,"2":7,"3":20,"4":7,"5":9},"b":{"0":[9,0],"1":[1,2],"2":[0,0],"3":[0,0],"4":[1,19],"5":[5,14],"6":[19,5],"7":[0,0],"8":[0,0],"9":[0,9],"10":[1,8],"11":[0,0],"12":[0,0]}}
,"E:\\OJT NMMC\\nmmc-queueing-sys\\nmmcqueue-backend\\src\\middleware\\validate.ts": {"path":"E:\\OJT NMMC\\nmmc-queueing-sys\\nmmcqueue-backend\\src\\middleware\\validate.ts","statementMap":{"0":{"start":{"line":2,"column":0},"end":{"line":2,"column":43}},"1":{"start":{"line":3,"column":0},"end":{"line":3,"column":46}},"2":{"start":{"line":9,"column":24},"end":{"line":31,"column":3}},"3":{"start":{"line":10,"column":2},"end":{"line":31,"column":3}},"4":{"start":{"line":11,"column":4},"end":{"line":30,"column":5}},"5":{"start":{"line":12,"column":24},"end":{"line":16,"column":89}},"6":{"start":{"line":19,"column":6},"end":{"line":19,"column":32}},"7":{"start":{"line":20,"column":6},"end":{"line":20,"column":34}},"8":{"start":{"line":21,"column":6},"end":{"line":21,"column":36}},"9":{"start":{"line":23,"column":6},"end":{"line":23,"column":13}},"10":{"start":{"line":25,"column":6},"end":{"line":28,"column":7}},"11":{"start":{"line":26,"column":24},"end":{"line":26,"column":99}},"12":{"start":{"line":26,"column":48},"end":{"line":26,"column":87}},"13":{"start":{"line":27,"column":8},"end":{"line":27,"column":48}},"14":{"start":{"line":29,"column":6},"end":{"line":29,"column":18}},"15":{"start":{"line":9,"column":13},"end":{"line":9,"column":24}}},"fnMap":{"0":{"name":"(anonymous_0)","decl":{"start":{"line":9,"column":24},"end":{"line":9,"column":25}},"loc":{"start":{"line":10,"column":2},"end":{"line":31,"column":3}}},"1":{"name":"(anonymous_1)","decl":{"start":{"line":10,"column":2},"end":{"line":10,"column":7}},"loc":{"start":{"line":10,"column":61},"end":{"line":31,"column":3}}},"2":{"name":"(anonymous_2)","decl":{"start":{"line":26,"column":41},"end":{"line":26,"column":44}},"loc":{"start":{"line":26,"column":48},"end":{"line":26,"column":87}}}},"branchMap":{"0":{"loc":{"start":{"line":25,"column":6},"end":{"line":28,"column":7}},"type":"if","locations":[{"start":{"line":25,"column":6},"end":{"line":28,"column":7}},{"start":{},"end":{}}]}},"s":{"0":2,"1":2,"2":2,"3":19,"4":20,"5":20,"6":14,"7":14,"8":14,"9":14,"10":6,"11":6,"12":9,"13":6,"14":0,"15":2},"f":{"0":19,"1":20,"2":9},"b":{"0":[6,0]}}
,"E:\\OJT NMMC\\nmmc-queueing-sys\\nmmcqueue-backend\\src\\modules\\auth\\controller.ts": {"path":"E:\\OJT NMMC\\nmmc-queueing-sys\\nmmcqueue-backend\\src\\modules\\auth\\controller.ts","statementMap":{"0":{"start":{"line":2,"column":0},"end":{"line":2,"column":46}},"1":{"start":{"line":3,"column":0},"end":{"line":3,"column":75}},"2":{"start":{"line":5,"column":0},"end":{"line":5,"column":33}},"3":{"start":{"line":13,"column":22},"end":{"line":39,"column":6}},"4":{"start":{"line":14,"column":8},"end":{"line":14,"column":79}},"5":{"start":{"line":14,"column":39},"end":{"line":14,"column":79}},"6":{"start":{"line":15,"column":77},"end":{"line":15,"column":85}},"7":{"start":{"line":16,"column":26},"end":{"line":16,"column":44}},"8":{"start":{"line":17,"column":25},"end":{"line":17,"column":59}},"9":{"start":{"line":19,"column":27},"end":{"line":19,"column":31}},"10":{"start":{"line":20,"column":8},"end":{"line":23,"column":9}},"11":{"start":{"line":21,"column":25},"end":{"line":21,"column":109}},"12":{"start":{"line":22,"column":12},"end":{"line":22,"column":36}},"13":{"start":{"line":25,"column":8},"end":{"line":37,"column":11}},"14":{"start":{"line":38,"column":8},"end":{"line":38,"column":48}},"15":{"start":{"line":41,"column":21},"end":{"line":45,"column":6}},"16":{"start":{"line":42,"column":8},"end":{"line":42,"column":79}},"17":{"start":{"line":42,"column":39},"end":{"line":42,"column":79}},"18":{"start":{"line":43,"column":8},"end":{"line":43,"column":101}},"19":{"start":{"line":44,"column":8},"end":{"line":44,"column":48}},"20":{"start":{"line":47,"column":23},"end":{"line":51,"column":6}},"21":{"start":{"line":48,"column":8},"end":{"line":48,"column":79}},"22":{"start":{"line":48,"column":39},"end":{"line":48,"column":79}},"23":{"start":{"line":49,"column":8},"end":{"line":49,"column":100}},"24":{"start":{"line":50,"column":8},"end":{"line":50,"column":48}},"25":{"start":{"line":53,"column":27},"end":{"line":71,"column":6}},"26":{"start":{"line":54,"column":8},"end":{"line":54,"column":79}},"27":{"start":{"line":54,"column":39},"end":{"line":54,"column":79}},"28":{"start":{"line":55,"column":45},"end":{"line":55,"column":53}},"29":{"start":{"line":57,"column":26},"end":{"line":57,"column":38}},"30":{"start":{"line":58,"column":8},"end":{"line":61,"column":9}},"31":{"start":{"line":59,"column":25},"end":{"line":59,"column":109}},"32":{"start":{"line":60,"column":12},"end":{"line":60,"column":35}},"33":{"start":{"line":63,"column":8},"end":{"line":69,"column":11}},"34":{"start":{"line":70,"column":8},"end":{"line":70,"column":48}},"35":{"start":{"line":73,"column":35},"end":{"line":120,"column":6}},"36":{"start":{"line":74,"column":8},"end":{"line":74,"column":79}},"37":{"start":{"line":74,"column":39},"end":{"line":74,"column":79}},"38":{"start":{"line":76,"column":21},"end":{"line":86,"column":10}},"39":{"start":{"line":88,"column":8},"end":{"line":88,"column":61}},"40":{"start":{"line":88,"column":19},"end":{"line":88,"column":61}},"41":{"start":{"line":90,"column":28},"end":{"line":104,"column":10}},"42":{"start":{"line":106,"column":8},"end":{"line":106,"column":101}},"43":{"start":{"line":106,"column":42},"end":{"line":106,"column":99}},"44":{"start":{"line":108,"column":28},"end":{"line":110,"column":10}},"45":{"start":{"line":112,"column":8},"end":{"line":119,"column":11}},"46":{"start":{"line":122,"column":38},"end":{"line":182,"column":6}},"47":{"start":{"line":123,"column":8},"end":{"line":123,"column":79}},"48":{"start":{"line":123,"column":39},"end":{"line":123,"column":79}},"49":{"start":{"line":125,"column":21},"end":{"line":128,"column":10}},"50":{"start":{"line":130,"column":8},"end":{"line":130,"column":61}},"51":{"start":{"line":130,"column":19},"end":{"line":130,"column":61}},"52":{"start":{"line":131,"column":8},"end":{"line":133,"column":9}},"53":{"start":{"line":132,"column":12},"end":{"line":132,"column":114}},"54":{"start":{"line":135,"column":31},"end":{"line":135,"column":95}},"55":{"start":{"line":136,"column":38},"end":{"line":136,"column":64}},"56":{"start":{"line":138,"column":8},"end":{"line":141,"column":9}},"57":{"start":{"line":139,"column":12},"end":{"line":139,"column":46}},"58":{"start":{"line":139,"column":37},"end":{"line":139,"column":46}},"59":{"start":{"line":140,"column":12},"end":{"line":140,"column":91}},"60":{"start":{"line":143,"column":30},"end":{"line":143,"column":63}},"61":{"start":{"line":144,"column":33},"end":{"line":144,"column":50}},"62":{"start":{"line":146,"column":8},"end":{"line":152,"column":9}},"63":{"start":{"line":147,"column":32},"end":{"line":150,"column":14}},"64":{"start":{"line":151,"column":12},"end":{"line":151,"column":89}},"65":{"start":{"line":151,"column":73},"end":{"line":151,"column":86}},"66":{"start":{"line":154,"column":33},"end":{"line":159,"column":15}},"67":{"start":{"line":155,"column":38},"end":{"line":155,"column":74}},"68":{"start":{"line":156,"column":36},"end":{"line":159,"column":14}},"69":{"start":{"line":161,"column":34},"end":{"line":165,"column":10}},"70":{"start":{"line":167,"column":8},"end":{"line":177,"column":9}},"71":{"start":{"line":168,"column":12},"end":{"line":176,"column":14}},"72":{"start":{"line":170,"column":64},"end":{"line":174,"column":22}},"73":{"start":{"line":179,"column":8},"end":{"line":179,"column":42}},"74":{"start":{"line":181,"column":8},"end":{"line":181,"column":48}},"75":{"start":{"line":184,"column":33},"end":{"line":238,"column":6}},"76":{"start":{"line":185,"column":23},"end":{"line":185,"column":34}},"77":{"start":{"line":187,"column":21},"end":{"line":194,"column":10}},"78":{"start":{"line":196,"column":8},"end":{"line":196,"column":61}},"79":{"start":{"line":196,"column":19},"end":{"line":196,"column":61}},"80":{"start":{"line":198,"column":28},"end":{"line":212,"column":10}},"81":{"start":{"line":214,"column":8},"end":{"line":214,"column":101}},"82":{"start":{"line":214,"column":42},"end":{"line":214,"column":99}},"83":{"start":{"line":216,"column":38},"end":{"line":216,"column":92}},"84":{"start":{"line":216,"column":70},"end":{"line":216,"column":91}},"85":{"start":{"line":218,"column":8},"end":{"line":232,"column":9}},"86":{"start":{"line":219,"column":37},"end":{"line":229,"column":14}},"87":{"start":{"line":231,"column":12},"end":{"line":231,"column":79}},"88":{"start":{"line":231,"column":34},"end":{"line":231,"column":79}},"89":{"start":{"line":234,"column":8},"end":{"line":237,"column":11}},"90":{"start":{"line":240,"column":28},"end":{"line":247,"column":6}},"91":{"start":{"line":241,"column":8},"end":{"line":241,"column":79}},"92":{"start":{"line":241,"column":39},"end":{"line":241,"column":79}},"93":{"start":{"line":242,"column":8},"end":{"line":245,"column":11}},"94":{"start":{"line":246,"column":8},"end":{"line":246,"column":48}},"95":{"start":{"line":249,"column":18},"end":{"line":259,"column":6}},"96":{"start":{"line":250,"column":8},"end":{"line":250,"column":79}},"97":{"start":{"line":250,"column":39},"end":{"line":250,"column":79}},"98":{"start":{"line":251,"column":22},"end":{"line":257,"column":10}},"99":{"start":{"line":258,"column":8},"end":{"line":258,"column":61}},"100":{"start":{"line":262,"column":13},"end":{"line":262,"column":51}}},"fnMap":{"0":{"name":"(anonymous_0)","decl":{"start":{"line":13,"column":35},"end":{"line":13,"column":40}},"loc":{"start":{"line":13,"column":86},"end":{"line":39,"column":5}}},"1":{"name":"(anonymous_1)","decl":{"start":{"line":41,"column":34},"end":{"line":41,"column":39}},"loc":{"start":{"line":41,"column":85},"end":{"line":45,"column":5}}},"2":{"name":"(anonymous_2)","decl":{"start":{"line":47,"column":36},"end":{"line":47,"column":41}},"loc":{"start":{"line":47,"column":87},"end":{"line":51,"column":5}}},"3":{"name":"(anonymous_3)","decl":{"start":{"line":53,"column":40},"end":{"line":53,"column":45}},"loc":{"start":{"line":53,"column":91},"end":{"line":71,"column":5}}},"4":{"name":"(anonymous_4)","decl":{"start":{"line":73,"column":48},"end":{"line":73,"column":53}},"loc":{"start":{"line":73,"column":99},"end":{"line":120,"column":5}}},"5":{"name":"(anonymous_5)","decl":{"start":{"line":106,"column":25},"end":{"line":106,"column":26}},"loc":{"start":{"line":106,"column":42},"end":{"line":106,"column":99}}},"6":{"name":"(anonymous_6)","decl":{"start":{"line":122,"column":51},"end":{"line":122,"column":56}},"loc":{"start":{"line":122,"column":102},"end":{"line":182,"column":5}}},"7":{"name":"(anonymous_7)","decl":{"start":{"line":151,"column":57},"end":{"line":151,"column":58}},"loc":{"start":{"line":151,"column":73},"end":{"line":151,"column":86}}},"8":{"name":"(anonymous_8)","decl":{"start":{"line":155,"column":20},"end":{"line":155,"column":21}},"loc":{"start":{"line":155,"column":38},"end":{"line":155,"column":74}}},"9":{"name":"(anonymous_9)","decl":{"start":{"line":156,"column":17},"end":{"line":156,"column":18}},"loc":{"start":{"line":156,"column":36},"end":{"line":159,"column":14}}},"10":{"name":"(anonymous_10)","decl":{"start":{"line":170,"column":47},"end":{"line":170,"column":48}},"loc":{"start":{"line":170,"column":64},"end":{"line":174,"column":22}}},"11":{"name":"(anonymous_11)","decl":{"start":{"line":184,"column":46},"end":{"line":184,"column":51}},"loc":{"start":{"line":184,"column":97},"end":{"line":238,"column":5}}},"12":{"name":"(anonymous_12)","decl":{"start":{"line":214,"column":25},"end":{"line":214,"column":26}},"loc":{"start":{"line":214,"column":42},"end":{"line":214,"column":99}}},"13":{"name":"(anonymous_13)","decl":{"start":{"line":216,"column":54},"end":{"line":216,"column":55}},"loc":{"start":{"line":216,"column":70},"end":{"line":216,"column":91}}},"14":{"name":"(anonymous_14)","decl":{"start":{"line":240,"column":41},"end":{"line":240,"column":46}},"loc":{"start":{"line":240,"column":92},"end":{"line":247,"column":5}}},"15":{"name":"(anonymous_15)","decl":{"start":{"line":249,"column":31},"end":{"line":249,"column":36}},"loc":{"start":{"line":249,"column":82},"end":{"line":259,"column":5}}}},"branchMap":{"0":{"loc":{"start":{"line":14,"column":8},"end":{"line":14,"column":79}},"type":"if","locations":[{"start":{"line":14,"column":8},"end":{"line":14,"column":79}},{"start":{},"end":{}}]},"1":{"loc":{"start":{"line":20,"column":8},"end":{"line":23,"column":9}},"type":"if","locations":[{"start":{"line":20,"column":8},"end":{"line":23,"column":9}},{"start":{},"end":{}}]},"2":{"loc":{"start":{"line":33,"column":31},"end":{"line":33,"column":67}},"type":"binary-expr","locations":[{"start":{"line":33,"column":31},"end":{"line":33,"column":54}},{"start":{"line":33,"column":58},"end":{"line":33,"column":67}}]},"3":{"loc":{"start":{"line":34,"column":31},"end":{"line":34,"column":57}},"type":"binary-expr","locations":[{"start":{"line":34,"column":31},"end":{"line":34,"column":44}},{"start":{"line":34,"column":48},"end":{"line":34,"column":57}}]},"4":{"loc":{"start":{"line":42,"column":8},"end":{"line":42,"column":79}},"type":"if","locations":[{"start":{"line":42,"column":8},"end":{"line":42,"column":79}},{"start":{},"end":{}}]},"5":{"loc":{"start":{"line":48,"column":8},"end":{"line":48,"column":79}},"type":"if","locations":[{"start":{"line":48,"column":8},"end":{"line":48,"column":79}},{"start":{},"end":{}}]},"6":{"loc":{"start":{"line":54,"column":8},"end":{"line":54,"column":79}},"type":"if","locations":[{"start":{"line":54,"column":8},"end":{"line":54,"column":79}},{"start":{},"end":{}}]},"7":{"loc":{"start":{"line":58,"column":8},"end":{"line":61,"column":9}},"type":"if","locations":[{"start":{"line":58,"column":8},"end":{"line":61,"column":9}},{"start":{},"end":{}}]},"8":{"loc":{"start":{"line":58,"column":12},"end":{"line":58,"column":38}},"type":"binary-expr","locations":[{"start":{"line":58,"column":12},"end":{"line":58,"column":24}},{"start":{"line":58,"column":28},"end":{"line":58,"column":38}}]},"9":{"loc":{"start":{"line":74,"column":8},"end":{"line":74,"column":79}},"type":"if","locations":[{"start":{"line":74,"column":8},"end":{"line":74,"column":79}},{"start":{},"end":{}}]},"10":{"loc":{"start":{"line":88,"column":8},"end":{"line":88,"column":61}},"type":"if","locations":[{"start":{"line":88,"column":8},"end":{"line":88,"column":61}},{"start":{},"end":{}}]},"11":{"loc":{"start":{"line":123,"column":8},"end":{"line":123,"column":79}},"type":"if","locations":[{"start":{"line":123,"column":8},"end":{"line":123,"column":79}},{"start":{},"end":{}}]},"12":{"loc":{"start":{"line":130,"column":8},"end":{"line":130,"column":61}},"type":"if","locations":[{"start":{"line":130,"column":8},"end":{"line":130,"column":61}},{"start":{},"end":{}}]},"13":{"loc":{"start":{"line":131,"column":8},"end":{"line":133,"column":9}},"type":"if","locations":[{"start":{"line":131,"column":8},"end":{"line":133,"column":9}},{"start":{},"end":{}}]},"14":{"loc":{"start":{"line":131,"column":12},"end":{"line":131,"column":73}},"type":"binary-expr","locations":[{"start":{"line":131,"column":12},"end":{"line":131,"column":40}},{"start":{"line":131,"column":44},"end":{"line":131,"column":73}}]},"15":{"loc":{"start":{"line":135,"column":31},"end":{"line":135,"column":95}},"type":"cond-expr","locations":[{"start":{"line":135,"column":70},"end":{"line":135,"column":90}},{"start":{"line":135,"column":93},"end":{"line":135,"column":95}}]},"16":{"loc":{"start":{"line":139,"column":12},"end":{"line":139,"column":46}},"type":"if","locations":[{"start":{"line":139,"column":12},"end":{"line":139,"column":46}},{"start":{},"end":{}}]},"17":{"loc":{"start":{"line":146,"column":8},"end":{"line":152,"column":9}},"type":"if","locations":[{"start":{"line":146,"column":8},"end":{"line":152,"column":9}},{"start":{},"end":{}}]},"18":{"loc":{"start":{"line":158,"column":27},"end":{"line":158,"column":74}},"type":"binary-expr","locations":[{"start":{"line":158,"column":27},"end":{"line":158,"column":66}},{"start":{"line":158,"column":70},"end":{"line":158,"column":74}}]},"19":{"loc":{"start":{"line":167,"column":8},"end":{"line":177,"column":9}},"type":"if","locations":[{"start":{"line":167,"column":8},"end":{"line":177,"column":9}},{"start":{},"end":{}}]},"20":{"loc":{"start":{"line":196,"column":8},"end":{"line":196,"column":61}},"type":"if","locations":[{"start":{"line":196,"column":8},"end":{"line":196,"column":61}},{"start":{},"end":{}}]},"21":{"loc":{"start":{"line":218,"column":8},"end":{"line":232,"column":9}},"type":"if","locations":[{"start":{"line":218,"column":8},"end":{"line":232,"column":9}},{"start":{},"end":{}}]},"22":{"loc":{"start":{"line":218,"column":12},"end":{"line":218,"column":67}},"type":"binary-expr","locations":[{"start":{"line":218,"column":12},"end":{"line":218,"column":46}},{"start":{"line":218,"column":50},"end":{"line":218,"column":67}}]},"23":{"loc":{"start":{"line":231,"column":12},"end":{"line":231,"column":79}},"type":"if","locations":[{"start":{"line":231,"column":12},"end":{"line":231,"column":79}},{"start":{},"end":{}}]},"24":{"loc":{"start":{"line":241,"column":8},"end":{"line":241,"column":79}},"type":"if","locations":[{"start":{"line":241,"column":8},"end":{"line":241,"column":79}},{"start":{},"end":{}}]},"25":{"loc":{"start":{"line":250,"column":8},"end":{"line":250,"column":79}},"type":"if","locations":[{"start":{"line":250,"column":8},"end":{"line":250,"column":79}},{"start":{},"end":{}}]}},"s":{"0":1,"1":1,"2":1,"3":1,"4":1,"5":0,"6":1,"7":1,"8":1,"9":1,"10":1,"11":1,"12":1,"13":1,"14":1,"15":1,"16":1,"17":0,"18":1,"19":1,"20":1,"21":1,"22":0,"23":1,"24":1,"25":1,"26":0,"27":0,"28":0,"29":0,"30":0,"31":0,"32":0,"33":0,"34":0,"35":1,"36":0,"37":0,"38":0,"39":0,"40":0,"41":0,"42":0,"43":0,"44":0,"45":0,"46":1,"47":0,"48":0,"49":0,"50":0,"51":0,"52":0,"53":0,"54":0,"55":0,"56":0,"57":0,"58":0,"59":0,"60":0,"61":0,"62":0,"63":0,"64":0,"65":0,"66":0,"67":0,"68":0,"69":0,"70":0,"71":0,"72":0,"73":0,"74":0,"75":1,"76":0,"77":0,"78":0,"79":0,"80":0,"81":0,"82":0,"83":0,"84":0,"85":0,"86":0,"87":0,"88":0,"89":0,"90":1,"91":0,"92":0,"93":0,"94":0,"95":1,"96":1,"97":0,"98":1,"99":1,"100":1},"f":{"0":1,"1":1,"2":1,"3":0,"4":0,"5":0,"6":0,"7":0,"8":0,"9":0,"10":0,"11":0,"12":0,"13":0,"14":0,"15":1},"b":{"0":[0,1],"1":[1,0],"2":[1,0],"3":[1,1],"4":[0,1],"5":[0,1],"6":[0,0],"7":[0,0],"8":[0,0],"9":[0,0],"10":[0,0],"11":[0,0],"12":[0,0],"13":[0,0],"14":[0,0],"15":[0,0],"16":[0,0],"17":[0,0],"18":[0,0],"19":[0,0],"20":[0,0],"21":[0,0],"22":[0,0],"23":[0,0],"24":[0,0],"25":[0,1]}}
,"E:\\OJT NMMC\\nmmc-queueing-sys\\nmmcqueue-backend\\src\\modules\\auth\\routes.ts": {"path":"E:\\OJT NMMC\\nmmc-queueing-sys\\nmmcqueue-backend\\src\\modules\\auth\\routes.ts","statementMap":{"0":{"start":{"line":1,"column":0},"end":{"line":1,"column":49}},"1":{"start":{"line":2,"column":0},"end":{"line":2,"column":33}},"2":{"start":{"line":3,"column":0},"end":{"line":3,"column":55}},"3":{"start":{"line":4,"column":0},"end":{"line":4,"column":56}},"4":{"start":{"line":5,"column":0},"end":{"line":5,"column":33}},"5":{"start":{"line":6,"column":0},"end":{"line":6,"column":49}},"6":{"start":{"line":7,"column":0},"end":{"line":7,"column":null}},"7":{"start":{"line":17,"column":13},"end":{"line":17,"column":35}},"8":{"start":{"line":19,"column":0},"end":{"line":19,"column":42}},"9":{"start":{"line":22,"column":13},"end":{"line":22,"column":35}},"10":{"start":{"line":23,"column":0},"end":{"line":23,"column":39}},"11":{"start":{"line":24,"column":0},"end":{"line":24,"column":48}},"12":{"start":{"line":25,"column":0},"end":{"line":25,"column":99}},"13":{"start":{"line":26,"column":0},"end":{"line":26,"column":98}},"14":{"start":{"line":27,"column":0},"end":{"line":27,"column":104}},"15":{"start":{"line":28,"column":0},"end":{"line":28,"column":116}},"16":{"start":{"line":29,"column":0},"end":{"line":29,"column":109}},"17":{"start":{"line":30,"column":0},"end":{"line":30,"column":139}},"18":{"start":{"line":31,"column":0},"end":{"line":31,"column":119}}},"fnMap":{},"branchMap":{},"s":{"0":1,"1":1,"2":1,"3":1,"4":1,"5":1,"6":1,"7":1,"8":1,"9":1,"10":1,"11":1,"12":1,"13":1,"14":1,"15":1,"16":1,"17":1,"18":1},"f":{},"b":{}}
,"E:\\OJT NMMC\\nmmc-queueing-sys\\nmmcqueue-backend\\src\\modules\\auth\\schema.ts": {"path":"E:\\OJT NMMC\\nmmc-queueing-sys\\nmmcqueue-backend\\src\\modules\\auth\\schema.ts","statementMap":{"0":{"start":{"line":1,"column":0},"end":{"line":1,"column":24}},"1":{"start":{"line":5,"column":13},"end":{"line":14,"column":3}},"2":{"start":{"line":16,"column":13},"end":{"line":23,"column":3}},"3":{"start":{"line":25,"column":13},"end":{"line":32,"column":3}},"4":{"start":{"line":34,"column":13},"end":{"line":42,"column":3}},"5":{"start":{"line":44,"column":13},"end":{"line":54,"column":3}},"6":{"start":{"line":56,"column":13},"end":{"line":63,"column":3}},"7":{"start":{"line":65,"column":13},"end":{"line":69,"column":3}}},"fnMap":{},"branchMap":{},"s":{"0":1,"1":1,"2":1,"3":1,"4":1,"5":1,"6":1,"7":1},"f":{},"b":{}}
,"E:\\OJT NMMC\\nmmc-queueing-sys\\nmmcqueue-backend\\src\\modules\\caller\\controller.ts": {"path":"E:\\OJT NMMC\\nmmc-queueing-sys\\nmmcqueue-backend\\src\\modules\\caller\\controller.ts","statementMap":{"0":{"start":{"line":2,"column":0},"end":{"line":2,"column":75}},"1":{"start":{"line":4,"column":0},"end":{"line":4,"column":45}},"2":{"start":{"line":7,"column":15},"end":{"line":11,"column":6}},"3":{"start":{"line":8,"column":24},"end":{"line":8,"column":44}},"4":{"start":{"line":9,"column":21},"end":{"line":9,"column":65}},"5":{"start":{"line":10,"column":8},"end":{"line":10,"column":54}},"6":{"start":{"line":13,"column":21},"end":{"line":16,"column":6}},"7":{"start":{"line":14,"column":21},"end":{"line":14,"column":57}},"8":{"start":{"line":15,"column":8},"end":{"line":15,"column":54}},"9":{"start":{"line":18,"column":22},"end":{"line":23,"column":6}},"10":{"start":{"line":19,"column":23},"end":{"line":19,"column":34}},"11":{"start":{"line":20,"column":31},"end":{"line":20,"column":65}},"12":{"start":{"line":21,"column":21},"end":{"line":21,"column":80}},"13":{"start":{"line":22,"column":8},"end":{"line":22,"column":54}},"14":{"start":{"line":25,"column":23},"end":{"line":33,"column":6}},"15":{"start":{"line":26,"column":8},"end":{"line":32,"column":9}},"16":{"start":{"line":27,"column":25},"end":{"line":27,"column":91}},"17":{"start":{"line":28,"column":12},"end":{"line":28,"column":58}},"18":{"start":{"line":30,"column":12},"end":{"line":30,"column":119}},"19":{"start":{"line":30,"column":40},"end":{"line":30,"column":119}},"20":{"start":{"line":31,"column":12},"end":{"line":31,"column":24}},"21":{"start":{"line":35,"column":23},"end":{"line":42,"column":6}},"22":{"start":{"line":36,"column":8},"end":{"line":41,"column":9}},"23":{"start":{"line":37,"column":12},"end":{"line":37,"column":64}},"24":{"start":{"line":38,"column":12},"end":{"line":38,"column":52}},"25":{"start":{"line":40,"column":12},"end":{"line":40,"column":94}},"26":{"start":{"line":44,"column":22},"end":{"line":47,"column":6}},"27":{"start":{"line":45,"column":21},"end":{"line":45,"column":92}},"28":{"start":{"line":46,"column":8},"end":{"line":46,"column":54}},"29":{"start":{"line":49,"column":34},"end":{"line":52,"column":6}},"30":{"start":{"line":50,"column":21},"end":{"line":50,"column":96}},"31":{"start":{"line":51,"column":8},"end":{"line":51,"column":54}},"32":{"start":{"line":54,"column":24},"end":{"line":57,"column":6}},"33":{"start":{"line":55,"column":21},"end":{"line":55,"column":98}},"34":{"start":{"line":56,"column":8},"end":{"line":56,"column":54}},"35":{"start":{"line":59,"column":24},"end":{"line":62,"column":6}},"36":{"start":{"line":60,"column":8},"end":{"line":60,"column":61}},"37":{"start":{"line":61,"column":8},"end":{"line":61,"column":48}},"38":{"start":{"line":64,"column":18},"end":{"line":69,"column":6}},"39":{"start":{"line":65,"column":23},"end":{"line":65,"column":34}},"40":{"start":{"line":66,"column":24},"end":{"line":66,"column":42}},"41":{"start":{"line":67,"column":21},"end":{"line":67,"column":69}},"42":{"start":{"line":68,"column":8},"end":{"line":68,"column":54}},"43":{"start":{"line":71,"column":22},"end":{"line":76,"column":6}},"44":{"start":{"line":72,"column":23},"end":{"line":72,"column":34}},"45":{"start":{"line":73,"column":39},"end":{"line":73,"column":109}},"46":{"start":{"line":74,"column":21},"end":{"line":74,"column":88}},"47":{"start":{"line":75,"column":8},"end":{"line":75,"column":54}},"48":{"start":{"line":78,"column":19},"end":{"line":83,"column":6}},"49":{"start":{"line":79,"column":23},"end":{"line":79,"column":34}},"50":{"start":{"line":80,"column":24},"end":{"line":80,"column":42}},"51":{"start":{"line":81,"column":21},"end":{"line":81,"column":70}},"52":{"start":{"line":82,"column":8},"end":{"line":82,"column":54}},"53":{"start":{"line":85,"column":20},"end":{"line":90,"column":6}},"54":{"start":{"line":86,"column":23},"end":{"line":86,"column":34}},"55":{"start":{"line":87,"column":24},"end":{"line":87,"column":42}},"56":{"start":{"line":88,"column":21},"end":{"line":88,"column":71}},"57":{"start":{"line":89,"column":8},"end":{"line":89,"column":54}},"58":{"start":{"line":92,"column":22},"end":{"line":99,"column":6}},"59":{"start":{"line":93,"column":23},"end":{"line":93,"column":34}},"60":{"start":{"line":94,"column":24},"end":{"line":94,"column":42}},"61":{"start":{"line":95,"column":39},"end":{"line":95,"column":47}},"62":{"start":{"line":96,"column":8},"end":{"line":96,"column":91}},"63":{"start":{"line":96,"column":33},"end":{"line":96,"column":91}},"64":{"start":{"line":97,"column":21},"end":{"line":97,"column":93}},"65":{"start":{"line":98,"column":8},"end":{"line":98,"column":54}},"66":{"start":{"line":101,"column":20},"end":{"line":105,"column":6}},"67":{"start":{"line":102,"column":24},"end":{"line":102,"column":42}},"68":{"start":{"line":103,"column":21},"end":{"line":103,"column":63}},"69":{"start":{"line":104,"column":8},"end":{"line":104,"column":54}},"70":{"start":{"line":107,"column":21},"end":{"line":112,"column":6}},"71":{"start":{"line":108,"column":23},"end":{"line":108,"column":34}},"72":{"start":{"line":109,"column":24},"end":{"line":109,"column":42}},"73":{"start":{"line":110,"column":21},"end":{"line":110,"column":72}},"74":{"start":{"line":111,"column":8},"end":{"line":111,"column":54}},"75":{"start":{"line":114,"column":23},"end":{"line":119,"column":6}},"76":{"start":{"line":115,"column":23},"end":{"line":115,"column":34}},"77":{"start":{"line":116,"column":24},"end":{"line":116,"column":42}},"78":{"start":{"line":117,"column":21},"end":{"line":117,"column":74}},"79":{"start":{"line":118,"column":8},"end":{"line":118,"column":54}},"80":{"start":{"line":122,"column":13},"end":{"line":122,"column":55}}},"fnMap":{"0":{"name":"(anonymous_0)","decl":{"start":{"line":7,"column":28},"end":{"line":7,"column":33}},"loc":{"start":{"line":7,"column":66},"end":{"line":11,"column":5}}},"1":{"name":"(anonymous_1)","decl":{"start":{"line":13,"column":34},"end":{"line":13,"column":39}},"loc":{"start":{"line":13,"column":72},"end":{"line":16,"column":5}}},"2":{"name":"(anonymous_2)","decl":{"start":{"line":18,"column":35},"end":{"line":18,"column":40}},"loc":{"start":{"line":18,"column":86},"end":{"line":23,"column":5}}},"3":{"name":"(anonymous_3)","decl":{"start":{"line":25,"column":36},"end":{"line":25,"column":41}},"loc":{"start":{"line":25,"column":74},"end":{"line":33,"column":5}}},"4":{"name":"(anonymous_4)","decl":{"start":{"line":35,"column":36},"end":{"line":35,"column":41}},"loc":{"start":{"line":35,"column":74},"end":{"line":42,"column":5}}},"5":{"name":"(anonymous_5)","decl":{"start":{"line":44,"column":35},"end":{"line":44,"column":40}},"loc":{"start":{"line":44,"column":73},"end":{"line":47,"column":5}}},"6":{"name":"(anonymous_6)","decl":{"start":{"line":49,"column":47},"end":{"line":49,"column":52}},"loc":{"start":{"line":49,"column":85},"end":{"line":52,"column":5}}},"7":{"name":"(anonymous_7)","decl":{"start":{"line":54,"column":37},"end":{"line":54,"column":42}},"loc":{"start":{"line":54,"column":75},"end":{"line":57,"column":5}}},"8":{"name":"(anonymous_8)","decl":{"start":{"line":59,"column":37},"end":{"line":59,"column":42}},"loc":{"start":{"line":59,"column":75},"end":{"line":62,"column":5}}},"9":{"name":"(anonymous_9)","decl":{"start":{"line":64,"column":31},"end":{"line":64,"column":36}},"loc":{"start":{"line":64,"column":82},"end":{"line":69,"column":5}}},"10":{"name":"(anonymous_10)","decl":{"start":{"line":71,"column":35},"end":{"line":71,"column":40}},"loc":{"start":{"line":71,"column":86},"end":{"line":76,"column":5}}},"11":{"name":"(anonymous_11)","decl":{"start":{"line":78,"column":32},"end":{"line":78,"column":37}},"loc":{"start":{"line":78,"column":83},"end":{"line":83,"column":5}}},"12":{"name":"(anonymous_12)","decl":{"start":{"line":85,"column":33},"end":{"line":85,"column":38}},"loc":{"start":{"line":85,"column":84},"end":{"line":90,"column":5}}},"13":{"name":"(anonymous_13)","decl":{"start":{"line":92,"column":35},"end":{"line":92,"column":40}},"loc":{"start":{"line":92,"column":86},"end":{"line":99,"column":5}}},"14":{"name":"(anonymous_14)","decl":{"start":{"line":101,"column":33},"end":{"line":101,"column":38}},"loc":{"start":{"line":101,"column":71},"end":{"line":105,"column":5}}},"15":{"name":"(anonymous_15)","decl":{"start":{"line":107,"column":34},"end":{"line":107,"column":39}},"loc":{"start":{"line":107,"column":85},"end":{"line":112,"column":5}}},"16":{"name":"(anonymous_16)","decl":{"start":{"line":114,"column":36},"end":{"line":114,"column":41}},"loc":{"start":{"line":114,"column":87},"end":{"line":119,"column":5}}}},"branchMap":{"0":{"loc":{"start":{"line":30,"column":12},"end":{"line":30,"column":119}},"type":"if","locations":[{"start":{"line":30,"column":12},"end":{"line":30,"column":119}},{"start":{},"end":{}}]},"1":{"loc":{"start":{"line":50,"column":69},"end":{"line":50,"column":95}},"type":"binary-expr","locations":[{"start":{"line":50,"column":69},"end":{"line":50,"column":89}},{"start":{"line":50,"column":93},"end":{"line":50,"column":95}}]},"2":{"loc":{"start":{"line":96,"column":8},"end":{"line":96,"column":91}},"type":"if","locations":[{"start":{"line":96,"column":8},"end":{"line":96,"column":91}},{"start":{},"end":{}}]}},"s":{"0":1,"1":1,"2":1,"3":1,"4":1,"5":1,"6":1,"7":0,"8":0,"9":1,"10":1,"11":1,"12":1,"13":1,"14":1,"15":1,"16":1,"17":1,"18":0,"19":0,"20":0,"21":1,"22":1,"23":1,"24":1,"25":0,"26":1,"27":0,"28":0,"29":1,"30":0,"31":0,"32":1,"33":1,"34":1,"35":1,"36":1,"37":1,"38":1,"39":1,"40":1,"41":1,"42":1,"43":1,"44":1,"45":1,"46":1,"47":1,"48":1,"49":1,"50":1,"51":1,"52":0,"53":1,"54":1,"55":1,"56":1,"57":1,"58":1,"59":0,"60":0,"61":0,"62":0,"63":0,"64":0,"65":0,"66":1,"67":1,"68":1,"69":1,"70":1,"71":1,"72":1,"73":1,"74":1,"75":1,"76":1,"77":1,"78":1,"79":1,"80":1},"f":{"0":1,"1":0,"2":1,"3":1,"4":1,"5":0,"6":0,"7":1,"8":1,"9":1,"10":1,"11":1,"12":1,"13":0,"14":1,"15":1,"16":1},"b":{"0":[0,0],"1":[0,0],"2":[0,0]}}
,"E:\\OJT NMMC\\nmmc-queueing-sys\\nmmcqueue-backend\\src\\modules\\caller\\routes.ts": {"path":"E:\\OJT NMMC\\nmmc-queueing-sys\\nmmcqueue-backend\\src\\modules\\caller\\routes.ts","statementMap":{"0":{"start":{"line":1,"column":0},"end":{"line":1,"column":33}},"1":{"start":{"line":2,"column":0},"end":{"line":2,"column":87}},"2":{"start":{"line":3,"column":0},"end":{"line":3,"column":56}},"3":{"start":{"line":4,"column":0},"end":{"line":4,"column":51}},"4":{"start":{"line":5,"column":0},"end":{"line":5,"column":null}},"5":{"start":{"line":14,"column":13},"end":{"line":14,"column":37}},"6":{"start":{"line":17,"column":0},"end":{"line":17,"column":76}},"7":{"start":{"line":18,"column":0},"end":{"line":18,"column":67}},"8":{"start":{"line":19,"column":0},"end":{"line":19,"column":79}},"9":{"start":{"line":22,"column":0},"end":{"line":22,"column":134}},"10":{"start":{"line":23,"column":0},"end":{"line":23,"column":134}},"11":{"start":{"line":24,"column":0},"end":{"line":24,"column":138}},"12":{"start":{"line":25,"column":0},"end":{"line":25,"column":137}},"13":{"start":{"line":28,"column":0},"end":{"line":28,"column":142}},"14":{"start":{"line":29,"column":0},"end":{"line":29,"column":142}},"15":{"start":{"line":30,"column":0},"end":{"line":30,"column":144}},"16":{"start":{"line":31,"column":0},"end":{"line":31,"column":147}},"17":{"start":{"line":32,"column":0},"end":{"line":32,"column":156}},"18":{"start":{"line":33,"column":0},"end":{"line":33,"column":148}},"19":{"start":{"line":34,"column":0},"end":{"line":34,"column":146}},"20":{"start":{"line":37,"column":0},"end":{"line":37,"column":145}}},"fnMap":{},"branchMap":{},"s":{"0":1,"1":1,"2":1,"3":1,"4":1,"5":1,"6":1,"7":1,"8":1,"9":1,"10":1,"11":1,"12":1,"13":1,"14":1,"15":1,"16":1,"17":1,"18":1,"19":1,"20":1},"f":{},"b":{}}
,"E:\\OJT NMMC\\nmmc-queueing-sys\\nmmcqueue-backend\\src\\modules\\caller\\schema.ts": {"path":"E:\\OJT NMMC\\nmmc-queueing-sys\\nmmcqueue-backend\\src\\modules\\caller\\schema.ts","statementMap":{"0":{"start":{"line":1,"column":0},"end":{"line":1,"column":24}},"1":{"start":{"line":5,"column":13},"end":{"line":10,"column":3}},"2":{"start":{"line":12,"column":13},"end":{"line":22,"column":3}},"3":{"start":{"line":24,"column":13},"end":{"line":31,"column":3}},"4":{"start":{"line":33,"column":13},"end":{"line":37,"column":3}},"5":{"start":{"line":39,"column":13},"end":{"line":43,"column":3}},"6":{"start":{"line":45,"column":13},"end":{"line":49,"column":3}}},"fnMap":{},"branchMap":{},"s":{"0":1,"1":1,"2":1,"3":1,"4":1,"5":1,"6":1},"f":{},"b":{}}
,"E:\\OJT NMMC\\nmmc-queueing-sys\\nmmcqueue-backend\\src\\modules\\caller\\service.ts": {"path":"E:\\OJT NMMC\\nmmc-queueing-sys\\nmmcqueue-backend\\src\\modules\\caller\\service.ts","statementMap":{"0":{"start":{"line":1,"column":0},"end":{"line":1,"column":46}},"1":{"start":{"line":2,"column":0},"end":{"line":2,"column":66}},"2":{"start":{"line":3,"column":0},"end":{"line":3,"column":41}},"3":{"start":{"line":4,"column":0},"end":{"line":4,"column":70}},"4":{"start":{"line":5,"column":0},"end":{"line":5,"column":89}},"5":{"start":{"line":6,"column":0},"end":{"line":6,"column":61}},"6":{"start":{"line":7,"column":0},"end":{"line":7,"column":55}},"7":{"start":{"line":9,"column":24},"end":{"line":9,"column":61}},"8":{"start":{"line":9,"column":39},"end":{"line":9,"column":61}},"9":{"start":{"line":10,"column":31},"end":{"line":10,"column":68}},"10":{"start":{"line":10,"column":46},"end":{"line":10,"column":68}},"11":{"start":{"line":12,"column":90},"end":{"line":17,"column":2}},"12":{"start":{"line":21,"column":22},"end":{"line":21,"column":55}},"13":{"start":{"line":22,"column":27},"end":{"line":25,"column":10}},"14":{"start":{"line":27,"column":8},"end":{"line":29,"column":9}},"15":{"start":{"line":28,"column":12},"end":{"line":28,"column":94}},"16":{"start":{"line":31,"column":8},"end":{"line":34,"column":10}},"17":{"start":{"line":38,"column":25},"end":{"line":38,"column":100}},"18":{"start":{"line":38,"column":78},"end":{"line":38,"column":98}},"19":{"start":{"line":40,"column":8},"end":{"line":51,"column":11}},"20":{"start":{"line":41,"column":26},"end":{"line":41,"column":49}},"21":{"start":{"line":42,"column":26},"end":{"line":42,"column":49}},"22":{"start":{"line":43,"column":27},"end":{"line":43,"column":96}},"23":{"start":{"line":44,"column":27},"end":{"line":44,"column":96}},"24":{"start":{"line":46,"column":12},"end":{"line":48,"column":13}},"25":{"start":{"line":47,"column":16},"end":{"line":47,"column":39}},"26":{"start":{"line":50,"column":12},"end":{"line":50,"column":48}},"27":{"start":{"line":57,"column":8},"end":{"line":59,"column":9}},"28":{"start":{"line":58,"column":12},"end":{"line":58,"column":60}},"29":{"start":{"line":61,"column":8},"end":{"line":61,"column":24}},"30":{"start":{"line":65,"column":22},"end":{"line":73,"column":10}},"31":{"start":{"line":74,"column":8},"end":{"line":74,"column":27}},"32":{"start":{"line":74,"column":20},"end":{"line":74,"column":27}},"33":{"start":{"line":75,"column":8},"end":{"line":77,"column":11}},"34":{"start":{"line":81,"column":8},"end":{"line":81,"column":80}},"35":{"start":{"line":85,"column":25},"end":{"line":86,"column":null}},"36":{"start":{"line":89,"column":8},"end":{"line":98,"column":9}},"37":{"start":{"line":90,"column":12},"end":{"line":93,"column":13}},"38":{"start":{"line":91,"column":16},"end":{"line":91,"column":96}},"39":{"start":{"line":92,"column":16},"end":{"line":92,"column":25}},"40":{"start":{"line":95,"column":12},"end":{"line":97,"column":15}},"41":{"start":{"line":100,"column":8},"end":{"line":102,"column":11}},"42":{"start":{"line":109,"column":25},"end":{"line":110,"column":null}},"43":{"start":{"line":112,"column":35},"end":{"line":114,"column":23}},"44":{"start":{"line":115,"column":34},"end":{"line":115,"column":121}},"45":{"start":{"line":115,"column":93},"end":{"line":115,"column":119}},"46":{"start":{"line":116,"column":30},"end":{"line":116,"column":98}},"47":{"start":{"line":116,"column":70},"end":{"line":116,"column":96}},"48":{"start":{"line":117,"column":27},"end":{"line":120,"column":10}},"49":{"start":{"line":122,"column":8},"end":{"line":136,"column":9}},"50":{"start":{"line":123,"column":29},"end":{"line":123,"column":61}},"51":{"start":{"line":124,"column":25},"end":{"line":124,"column":53}},"52":{"start":{"line":126,"column":12},"end":{"line":128,"column":13}},"53":{"start":{"line":127,"column":16},"end":{"line":127,"column":25}},"54":{"start":{"line":130,"column":12},"end":{"line":133,"column":13}},"55":{"start":{"line":131,"column":16},"end":{"line":131,"column":102}},"56":{"start":{"line":132,"column":16},"end":{"line":132,"column":25}},"57":{"start":{"line":135,"column":12},"end":{"line":135,"column":95}},"58":{"start":{"line":138,"column":8},"end":{"line":145,"column":9}},"59":{"start":{"line":142,"column":12},"end":{"line":144,"column":15}},"60":{"start":{"line":149,"column":8},"end":{"line":151,"column":9}},"61":{"start":{"line":150,"column":12},"end":{"line":150,"column":68}},"62":{"start":{"line":153,"column":21},"end":{"line":167,"column":10}},"63":{"start":{"line":169,"column":8},"end":{"line":171,"column":9}},"64":{"start":{"line":170,"column":12},"end":{"line":170,"column":72}},"65":{"start":{"line":174,"column":27},"end":{"line":174,"column":86}},"66":{"start":{"line":176,"column":8},"end":{"line":182,"column":9}},"67":{"start":{"line":177,"column":25},"end":{"line":180,"column":14}},"68":{"start":{"line":181,"column":12},"end":{"line":181,"column":44}},"69":{"start":{"line":184,"column":8},"end":{"line":190,"column":9}},"70":{"start":{"line":185,"column":12},"end":{"line":189,"column":14}},"71":{"start":{"line":192,"column":8},"end":{"line":196,"column":10}},"72":{"start":{"line":200,"column":8},"end":{"line":206,"column":9}},"73":{"start":{"line":201,"column":12},"end":{"line":205,"column":14}},"74":{"start":{"line":209,"column":29},"end":{"line":209,"column":95}},"75":{"start":{"line":211,"column":28},"end":{"line":211,"column":53}},"76":{"start":{"line":212,"column":21},"end":{"line":212,"column":98}},"77":{"start":{"line":214,"column":8},"end":{"line":232,"column":11}},"78":{"start":{"line":215,"column":31},"end":{"line":221,"column":14}},"79":{"start":{"line":223,"column":12},"end":{"line":229,"column":15}},"80":{"start":{"line":224,"column":61},"end":{"line":227,"column":18}},"81":{"start":{"line":231,"column":12},"end":{"line":231,"column":30}},"82":{"start":{"line":234,"column":41},"end":{"line":234,"column":87}},"83":{"start":{"line":236,"column":21},"end":{"line":239,"column":10}},"84":{"start":{"line":240,"column":8},"end":{"line":240,"column":74}},"85":{"start":{"line":243,"column":22},"end":{"line":243,"column":55}},"86":{"start":{"line":244,"column":33},"end":{"line":244,"column":54}},"87":{"start":{"line":245,"column":38},"end":{"line":245,"column":66}},"88":{"start":{"line":247,"column":33},"end":{"line":255,"column":10}},"89":{"start":{"line":257,"column":8},"end":{"line":269,"column":9}},"90":{"start":{"line":258,"column":25},"end":{"line":258,"column":113}},"91":{"start":{"line":259,"column":12},"end":{"line":261,"column":13}},"92":{"start":{"line":260,"column":16},"end":{"line":260,"column":88}},"93":{"start":{"line":262,"column":12},"end":{"line":268,"column":13}},"94":{"start":{"line":263,"column":16},"end":{"line":267,"column":18}},"95":{"start":{"line":271,"column":8},"end":{"line":287,"column":11}},"96":{"start":{"line":291,"column":22},"end":{"line":291,"column":55}},"97":{"start":{"line":292,"column":33},"end":{"line":292,"column":54}},"98":{"start":{"line":293,"column":40},"end":{"line":293,"column":100}},"99":{"start":{"line":295,"column":29},"end":{"line":302,"column":10}},"100":{"start":{"line":303,"column":8},"end":{"line":305,"column":9}},"101":{"start":{"line":304,"column":12},"end":{"line":304,"column":134}},"102":{"start":{"line":307,"column":29},"end":{"line":372,"column":11}},"103":{"start":{"line":307,"column":64},"end":{"line":372,"column":10}},"104":{"start":{"line":308,"column":37},"end":{"line":312,"column":14}},"105":{"start":{"line":314,"column":12},"end":{"line":322,"column":13}},"106":{"start":{"line":315,"column":16},"end":{"line":318,"column":18}},"107":{"start":{"line":319,"column":19},"end":{"line":322,"column":13}},"108":{"start":{"line":320,"column":16},"end":{"line":320,"column":55}},"109":{"start":{"line":321,"column":16},"end":{"line":321,"column":47}},"110":{"start":{"line":324,"column":30},"end":{"line":334,"column":14}},"111":{"start":{"line":336,"column":12},"end":{"line":336,"column":40}},"112":{"start":{"line":336,"column":28},"end":{"line":336,"column":40}},"113":{"start":{"line":338,"column":28},"end":{"line":349,"column":14}},"114":{"start":{"line":351,"column":12},"end":{"line":353,"column":13}},"115":{"start":{"line":352,"column":16},"end":{"line":352,"column":117}},"116":{"start":{"line":355,"column":12},"end":{"line":357,"column":15}},"117":{"start":{"line":359,"column":12},"end":{"line":371,"column":15}},"118":{"start":{"line":374,"column":24},"end":{"line":374,"column":36}},"119":{"start":{"line":375,"column":8},"end":{"line":378,"column":9}},"120":{"start":{"line":376,"column":12},"end":{"line":376,"column":86}},"121":{"start":{"line":377,"column":12},"end":{"line":377,"column":99}},"122":{"start":{"line":379,"column":8},"end":{"line":379,"column":23}},"123":{"start":{"line":383,"column":24},"end":{"line":383,"column":109}},"124":{"start":{"line":383,"column":58},"end":{"line":383,"column":80}},"125":{"start":{"line":383,"column":94},"end":{"line":383,"column":106}},"126":{"start":{"line":384,"column":22},"end":{"line":387,"column":10}},"127":{"start":{"line":388,"column":22},"end":{"line":389,"column":null}},"128":{"start":{"line":389,"column":29},"end":{"line":389,"column":106}},"129":{"start":{"line":391,"column":8},"end":{"line":391,"column":122}},"130":{"start":{"line":391,"column":63},"end":{"line":391,"column":88}},"131":{"start":{"line":391,"column":90},"end":{"line":391,"column":117}},"132":{"start":{"line":394,"column":21},"end":{"line":394,"column":131}},"133":{"start":{"line":395,"column":8},"end":{"line":395,"column":60}},"134":{"start":{"line":395,"column":19},"end":{"line":395,"column":60}},"135":{"start":{"line":397,"column":8},"end":{"line":405,"column":11}},"136":{"start":{"line":409,"column":8},"end":{"line":409,"column":60}},"137":{"start":{"line":413,"column":22},"end":{"line":413,"column":55}},"138":{"start":{"line":414,"column":40},"end":{"line":414,"column":100}},"139":{"start":{"line":416,"column":29},"end":{"line":470,"column":11}},"140":{"start":{"line":416,"column":64},"end":{"line":470,"column":10}},"141":{"start":{"line":417,"column":29},"end":{"line":425,"column":14}},"142":{"start":{"line":427,"column":12},"end":{"line":429,"column":13}},"143":{"start":{"line":428,"column":16},"end":{"line":428,"column":87}},"144":{"start":{"line":431,"column":12},"end":{"line":431,"column":77}},"145":{"start":{"line":433,"column":12},"end":{"line":438,"column":13}},"146":{"start":{"line":434,"column":16},"end":{"line":437,"column":19}},"147":{"start":{"line":440,"column":12},"end":{"line":445,"column":13}},"148":{"start":{"line":441,"column":16},"end":{"line":443,"column":17}},"149":{"start":{"line":442,"column":20},"end":{"line":442,"column":108}},"150":{"start":{"line":444,"column":16},"end":{"line":444,"column":111}},"151":{"start":{"line":447,"column":28},"end":{"line":459,"column":14}},"152":{"start":{"line":461,"column":12},"end":{"line":463,"column":13}},"153":{"start":{"line":462,"column":16},"end":{"line":462,"column":117}},"154":{"start":{"line":465,"column":12},"end":{"line":467,"column":15}},"155":{"start":{"line":469,"column":12},"end":{"line":469,"column":67}},"156":{"start":{"line":472,"column":24},"end":{"line":472,"column":36}},"157":{"start":{"line":473,"column":8},"end":{"line":476,"column":9}},"158":{"start":{"line":474,"column":12},"end":{"line":474,"column":86}},"159":{"start":{"line":475,"column":12},"end":{"line":475,"column":99}},"160":{"start":{"line":477,"column":8},"end":{"line":477,"column":23}},"161":{"start":{"line":481,"column":22},"end":{"line":481,"column":55}},"162":{"start":{"line":482,"column":22},"end":{"line":485,"column":10}},"163":{"start":{"line":487,"column":8},"end":{"line":487,"column":91}},"164":{"start":{"line":487,"column":20},"end":{"line":487,"column":91}},"165":{"start":{"line":488,"column":8},"end":{"line":488,"column":70}},"166":{"start":{"line":490,"column":8},"end":{"line":492,"column":9}},"167":{"start":{"line":491,"column":12},"end":{"line":491,"column":100}},"168":{"start":{"line":493,"column":8},"end":{"line":495,"column":9}},"169":{"start":{"line":494,"column":12},"end":{"line":494,"column":115}},"170":{"start":{"line":497,"column":24},"end":{"line":503,"column":10}},"171":{"start":{"line":504,"column":24},"end":{"line":504,"column":31}},"172":{"start":{"line":505,"column":8},"end":{"line":508,"column":9}},"173":{"start":{"line":506,"column":12},"end":{"line":506,"column":83}},"174":{"start":{"line":507,"column":12},"end":{"line":507,"column":78}},"175":{"start":{"line":509,"column":8},"end":{"line":509,"column":23}},"176":{"start":{"line":513,"column":22},"end":{"line":513,"column":55}},"177":{"start":{"line":514,"column":38},"end":{"line":514,"column":66}},"178":{"start":{"line":515,"column":22},"end":{"line":518,"column":10}},"179":{"start":{"line":519,"column":8},"end":{"line":519,"column":91}},"180":{"start":{"line":519,"column":20},"end":{"line":519,"column":91}},"181":{"start":{"line":520,"column":8},"end":{"line":520,"column":70}},"182":{"start":{"line":522,"column":8},"end":{"line":524,"column":9}},"183":{"start":{"line":523,"column":12},"end":{"line":523,"column":116}},"184":{"start":{"line":525,"column":8},"end":{"line":527,"column":9}},"185":{"start":{"line":526,"column":12},"end":{"line":526,"column":114}},"186":{"start":{"line":528,"column":8},"end":{"line":530,"column":9}},"187":{"start":{"line":529,"column":12},"end":{"line":529,"column":114}},"188":{"start":{"line":532,"column":24},"end":{"line":539,"column":10}},"189":{"start":{"line":540,"column":24},"end":{"line":540,"column":31}},"190":{"start":{"line":541,"column":8},"end":{"line":544,"column":9}},"191":{"start":{"line":542,"column":12},"end":{"line":542,"column":86}},"192":{"start":{"line":543,"column":12},"end":{"line":543,"column":78}},"193":{"start":{"line":545,"column":8},"end":{"line":545,"column":23}},"194":{"start":{"line":549,"column":22},"end":{"line":549,"column":55}},"195":{"start":{"line":550,"column":22},"end":{"line":553,"column":10}},"196":{"start":{"line":554,"column":8},"end":{"line":554,"column":91}},"197":{"start":{"line":554,"column":20},"end":{"line":554,"column":91}},"198":{"start":{"line":555,"column":8},"end":{"line":555,"column":70}},"199":{"start":{"line":557,"column":8},"end":{"line":559,"column":9}},"200":{"start":{"line":558,"column":12},"end":{"line":558,"column":100}},"201":{"start":{"line":561,"column":8},"end":{"line":563,"column":9}},"202":{"start":{"line":562,"column":12},"end":{"line":562,"column":115}},"203":{"start":{"line":564,"column":8},"end":{"line":566,"column":9}},"204":{"start":{"line":565,"column":12},"end":{"line":565,"column":111}},"205":{"start":{"line":568,"column":24},"end":{"line":579,"column":10}},"206":{"start":{"line":581,"column":8},"end":{"line":584,"column":9}},"207":{"start":{"line":582,"column":12},"end":{"line":582,"column":81}},"208":{"start":{"line":583,"column":12},"end":{"line":583,"column":76}},"209":{"start":{"line":585,"column":8},"end":{"line":585,"column":80}},"210":{"start":{"line":586,"column":8},"end":{"line":586,"column":72}},"211":{"start":{"line":587,"column":8},"end":{"line":587,"column":23}},"212":{"start":{"line":591,"column":22},"end":{"line":594,"column":10}},"213":{"start":{"line":595,"column":8},"end":{"line":595,"column":55}},"214":{"start":{"line":595,"column":20},"end":{"line":595,"column":55}},"215":{"start":{"line":597,"column":26},"end":{"line":597,"column":49}},"216":{"start":{"line":598,"column":8},"end":{"line":598,"column":84}},"217":{"start":{"line":598,"column":24},"end":{"line":598,"column":84}},"218":{"start":{"line":600,"column":8},"end":{"line":603,"column":11}},"219":{"start":{"line":604,"column":8},"end":{"line":604,"column":76}},"220":{"start":{"line":607,"column":22},"end":{"line":607,"column":55}},"221":{"start":{"line":608,"column":38},"end":{"line":608,"column":66}},"222":{"start":{"line":609,"column":22},"end":{"line":612,"column":10}},"223":{"start":{"line":613,"column":8},"end":{"line":613,"column":91}},"224":{"start":{"line":613,"column":20},"end":{"line":613,"column":91}},"225":{"start":{"line":614,"column":8},"end":{"line":614,"column":70}},"226":{"start":{"line":616,"column":8},"end":{"line":618,"column":9}},"227":{"start":{"line":617,"column":12},"end":{"line":617,"column":101}},"228":{"start":{"line":619,"column":8},"end":{"line":621,"column":9}},"229":{"start":{"line":620,"column":12},"end":{"line":620,"column":108}},"230":{"start":{"line":623,"column":24},"end":{"line":629,"column":10}},"231":{"start":{"line":630,"column":24},"end":{"line":630,"column":31}},"232":{"start":{"line":631,"column":8},"end":{"line":634,"column":9}},"233":{"start":{"line":632,"column":12},"end":{"line":632,"column":86}},"234":{"start":{"line":633,"column":12},"end":{"line":633,"column":78}},"235":{"start":{"line":635,"column":8},"end":{"line":635,"column":23}},"236":{"start":{"line":639,"column":8},"end":{"line":641,"column":9}},"237":{"start":{"line":640,"column":12},"end":{"line":640,"column":68}},"238":{"start":{"line":643,"column":22},"end":{"line":653,"column":10}},"239":{"start":{"line":655,"column":8},"end":{"line":657,"column":9}},"240":{"start":{"line":656,"column":12},"end":{"line":656,"column":83}},"241":{"start":{"line":659,"column":23},"end":{"line":671,"column":10}},"242":{"start":{"line":660,"column":12},"end":{"line":660,"column":62}},"243":{"start":{"line":662,"column":36},"end":{"line":662,"column":99}},"244":{"start":{"line":663,"column":39},"end":{"line":663,"column":44}},"245":{"start":{"line":665,"column":12},"end":{"line":668,"column":13}},"246":{"start":{"line":666,"column":16},"end":{"line":666,"column":76}},"247":{"start":{"line":667,"column":16},"end":{"line":667,"column":44}},"248":{"start":{"line":670,"column":12},"end":{"li
[...]
line":314,"column":12},"end":{"line":322,"column":13}},{"start":{"line":319,"column":19},"end":{"line":322,"column":13}}]},"33":{"loc":{"start":{"line":319,"column":19},"end":{"line":322,"column":13}},"type":"if","locations":[{"start":{"line":319,"column":19},"end":{"line":322,"column":13}},{"start":{},"end":{}}]},"34":{"loc":{"start":{"line":326,"column":25},"end":{"line":332,"column":null}},"type":"cond-expr","locations":[{"start":{"line":327,"column":22},"end":{"line":327,"column":44}},{"start":{"line":328,"column":22},"end":{"line":332,"column":null}}]},"35":{"loc":{"start":{"line":336,"column":12},"end":{"line":336,"column":40}},"type":"if","locations":[{"start":{"line":336,"column":12},"end":{"line":336,"column":40}},{"start":{},"end":{}}]},"36":{"loc":{"start":{"line":351,"column":12},"end":{"line":353,"column":13}},"type":"if","locations":[{"start":{"line":351,"column":12},"end":{"line":353,"column":13}},{"start":{},"end":{}}]},"37":{"loc":{"start":{"line":375,"column":8},"end":{"line":378,"column":9}},"type":"if","locations":[{"start":{"line":375,"column":8},"end":{"line":378,"column":9}},{"start":{},"end":{}}]},"38":{"loc":{"start":{"line":391,"column":101},"end":{"line":391,"column":115}},"type":"binary-expr","locations":[{"start":{"line":391,"column":101},"end":{"line":391,"column":109}},{"start":{"line":391,"column":113},"end":{"line":391,"column":115}}]},"39":{"loc":{"start":{"line":395,"column":8},"end":{"line":395,"column":60}},"type":"if","locations":[{"start":{"line":395,"column":8},"end":{"line":395,"column":60}},{"start":{},"end":{}}]},"40":{"loc":{"start":{"line":427,"column":12},"end":{"line":429,"column":13}},"type":"if","locations":[{"start":{"line":427,"column":12},"end":{"line":429,"column":13}},{"start":{},"end":{}}]},"41":{"loc":{"start":{"line":433,"column":12},"end":{"line":438,"column":13}},"type":"if","locations":[{"start":{"line":433,"column":12},"end":{"line":438,"column":13}},{"start":{},"end":{}}]},"42":{"loc":{"start":{"line":433,"column":16},"end":{"line":433,"column":93}},"type":"binary-expr","locations":[{"start":{"line":433,"column":16},"end":{"line":433,"column":49}},{"start":{"line":433,"column":53},"end":{"line":433,"column":93}}]},"43":{"loc":{"start":{"line":440,"column":12},"end":{"line":445,"column":13}},"type":"if","locations":[{"start":{"line":440,"column":12},"end":{"line":445,"column":13}},{"start":{},"end":{}}]},"44":{"loc":{"start":{"line":441,"column":16},"end":{"line":443,"column":17}},"type":"if","locations":[{"start":{"line":441,"column":16},"end":{"line":443,"column":17}},{"start":{},"end":{}}]},"45":{"loc":{"start":{"line":441,"column":20},"end":{"line":441,"column":124}},"type":"binary-expr","locations":[{"start":{"line":441,"column":20},"end":{"line":441,"column":53}},{"start":{"line":441,"column":57},"end":{"line":441,"column":80}},{"start":{"line":441,"column":84},"end":{"line":441,"column":124}}]},"46":{"loc":{"start":{"line":461,"column":12},"end":{"line":463,"column":13}},"type":"if","locations":[{"start":{"line":461,"column":12},"end":{"line":463,"column":13}},{"start":{},"end":{}}]},"47":{"loc":{"start":{"line":473,"column":8},"end":{"line":476,"column":9}},"type":"if","locations":[{"start":{"line":473,"column":8},"end":{"line":476,"column":9}},{"start":{},"end":{}}]},"48":{"loc":{"start":{"line":487,"column":8},"end":{"line":487,"column":91}},"type":"if","locations":[{"start":{"line":487,"column":8},"end":{"line":487,"column":91}},{"start":{},"end":{}}]},"49":{"loc":{"start":{"line":490,"column":8},"end":{"line":492,"column":9}},"type":"if","locations":[{"start":{"line":490,"column":8},"end":{"line":492,"column":9}},{"start":{},"end":{}}]},"50":{"loc":{"start":{"line":493,"column":8},"end":{"line":495,"column":9}},"type":"if","locations":[{"start":{"line":493,"column":8},"end":{"line":495,"column":9}},{"start":{},"end":{}}]},"51":{"loc":{"start":{"line":505,"column":8},"end":{"line":508,"column":9}},"type":"if","locations":[{"start":{"line":505,"column":8},"end":{"line":508,"column":9}},{"start":{},"end":{}}]},"52":{"loc":{"start":{"line":519,"column":8},"end":{"line":519,"column":91}},"type":"if","locations":[{"start":{"line":519,"column":8},"end":{"line":519,"column":91}},{"start":{},"end":{}}]},"53":{"loc":{"start":{"line":522,"column":8},"end":{"line":524,"column":9}},"type":"if","locations":[{"start":{"line":522,"column":8},"end":{"line":524,"column":9}},{"start":{},"end":{}}]},"54":{"loc":{"start":{"line":522,"column":12},"end":{"line":522,"column":83}},"type":"binary-expr","locations":[{"start":{"line":522,"column":12},"end":{"line":522,"column":42}},{"start":{"line":522,"column":46},"end":{"line":522,"column":83}}]},"55":{"loc":{"start":{"line":525,"column":8},"end":{"line":527,"column":9}},"type":"if","locations":[{"start":{"line":525,"column":8},"end":{"line":527,"column":9}},{"start":{},"end":{}}]},"56":{"loc":{"start":{"line":528,"column":8},"end":{"line":530,"column":9}},"type":"if","locations":[{"start":{"line":528,"column":8},"end":{"line":530,"column":9}},{"start":{},"end":{}}]},"57":{"loc":{"start":{"line":528,"column":12},"end":{"line":528,"column":95}},"type":"binary-expr","locations":[{"start":{"line":528,"column":12},"end":{"line":528,"column":38}},{"start":{"line":528,"column":42},"end":{"line":528,"column":95}}]},"58":{"loc":{"start":{"line":541,"column":8},"end":{"line":544,"column":9}},"type":"if","locations":[{"start":{"line":541,"column":8},"end":{"line":544,"column":9}},{"start":{},"end":{}}]},"59":{"loc":{"start":{"line":554,"column":8},"end":{"line":554,"column":91}},"type":"if","locations":[{"start":{"line":554,"column":8},"end":{"line":554,"column":91}},{"start":{},"end":{}}]},"60":{"loc":{"start":{"line":557,"column":8},"end":{"line":559,"column":9}},"type":"if","locations":[{"start":{"line":557,"column":8},"end":{"line":559,"column":9}},{"start":{},"end":{}}]},"61":{"loc":{"start":{"line":561,"column":8},"end":{"line":563,"column":9}},"type":"if","locations":[{"start":{"line":561,"column":8},"end":{"line":563,"column":9}},{"start":{},"end":{}}]},"62":{"loc":{"start":{"line":561,"column":12},"end":{"line":561,"column":83}},"type":"binary-expr","locations":[{"start":{"line":561,"column":12},"end":{"line":561,"column":42}},{"start":{"line":561,"column":46},"end":{"line":561,"column":83}}]},"63":{"loc":{"start":{"line":564,"column":8},"end":{"line":566,"column":9}},"type":"if","locations":[{"start":{"line":564,"column":8},"end":{"line":566,"column":9}},{"start":{},"end":{}}]},"64":{"loc":{"start":{"line":581,"column":8},"end":{"line":584,"column":9}},"type":"if","locations":[{"start":{"line":581,"column":8},"end":{"line":584,"column":9}},{"start":{},"end":{}}]},"65":{"loc":{"start":{"line":595,"column":8},"end":{"line":595,"column":55}},"type":"if","locations":[{"start":{"line":595,"column":8},"end":{"line":595,"column":55}},{"start":{},"end":{}}]},"66":{"loc":{"start":{"line":598,"column":8},"end":{"line":598,"column":84}},"type":"if","locations":[{"start":{"line":598,"column":8},"end":{"line":598,"column":84}},{"start":{},"end":{}}]},"67":{"loc":{"start":{"line":613,"column":8},"end":{"line":613,"column":91}},"type":"if","locations":[{"start":{"line":613,"column":8},"end":{"line":613,"column":91}},{"start":{},"end":{}}]},"68":{"loc":{"start":{"line":616,"column":8},"end":{"line":618,"column":9}},"type":"if","locations":[{"start":{"line":616,"column":8},"end":{"line":618,"column":9}},{"start":{},"end":{}}]},"69":{"loc":{"start":{"line":619,"column":8},"end":{"line":621,"column":9}},"type":"if","locations":[{"start":{"line":619,"column":8},"end":{"line":621,"column":9}},{"start":{},"end":{}}]},"70":{"loc":{"start":{"line":631,"column":8},"end":{"line":634,"column":9}},"type":"if","locations":[{"start":{"line":631,"column":8},"end":{"line":634,"column":9}},{"start":{},"end":{}}]},"71":{"loc":{"start":{"line":639,"column":8},"end":{"line":641,"column":9}},"type":"if","locations":[{"start":{"line":639,"column":8},"end":{"line":641,"column":9}},{"start":{},"end":{}}]},"72":{"loc":{"start":{"line":655,"column":8},"end":{"line":657,"column":9}},"type":"if","locations":[{"start":{"line":655,"column":8},"end":{"line":657,"column":9}},{"start":{},"end":{}}]},"73":{"loc":{"start":{"line":665,"column":12},"end":{"line":668,"column":13}},"type":"if","locations":[{"start":{"line":665,"column":12},"end":{"line":668,"column":13}},{"start":{},"end":{}}]},"74":{"loc":{"start":{"line":673,"column":8},"end":{"line":676,"column":9}},"type":"if","locations":[{"start":{"line":673,"column":8},"end":{"line":676,"column":9}},{"start":{},"end":{}}]},"75":{"loc":{"start":{"line":680,"column":27},"end":{"line":680,"column":54}},"type":"binary-expr","locations":[{"start":{"line":680,"column":27},"end":{"line":680,"column":46}},{"start":{"line":680,"column":50},"end":{"line":680,"column":54}}]},"76":{"loc":{"start":{"line":681,"column":26},"end":{"line":681,"column":52}},"type":"binary-expr","locations":[{"start":{"line":681,"column":26},"end":{"line":681,"column":44}},{"start":{"line":681,"column":48},"end":{"line":681,"column":52}}]}},"s":{"0":1,"1":1,"2":1,"3":1,"4":1,"5":1,"6":1,"7":1,"8":0,"9":1,"10":0,"11":1,"12":0,"13":0,"14":0,"15":0,"16":0,"17":0,"18":0,"19":0,"20":0,"21":0,"22":0,"23":0,"24":0,"25":0,"26":0,"27":0,"28":0,"29":0,"30":0,"31":0,"32":0,"33":0,"34":0,"35":0,"36":0,"37":0,"38":0,"39":0,"40":0,"41":0,"42":0,"43":0,"44":0,"45":0,"46":0,"47":0,"48":0,"49":0,"50":0,"51":0,"52":0,"53":0,"54":0,"55":0,"56":0,"57":0,"58":0,"59":0,"60":9,"61":0,"62":9,"63":9,"64":1,"65":8,"66":8,"67":0,"68":0,"69":8,"70":0,"71":8,"72":4,"73":0,"74":0,"75":0,"76":0,"77":0,"78":0,"79":0,"80":0,"81":0,"82":0,"83":0,"84":0,"85":3,"86":2,"87":2,"88":2,"89":2,"90":1,"91":1,"92":0,"93":1,"94":1,"95":1,"96":2,"97":2,"98":2,"99":2,"100":2,"101":1,"102":1,"103":1,"104":1,"105":1,"106":0,"107":1,"108":0,"109":0,"110":1,"111":1,"112":1,"113":0,"114":0,"115":0,"116":0,"117":0,"118":1,"119":1,"120":0,"121":0,"122":1,"123":0,"124":0,"125":0,"126":0,"127":0,"128":0,"129":0,"130":0,"131":0,"132":0,"133":0,"134":0,"135":0,"136":0,"137":0,"138":0,"139":0,"140":0,"141":0,"142":0,"143":0,"144":0,"145":0,"146":0,"147":0,"148":0,"149":0,"150":0,"151":0,"152":0,"153":0,"154":0,"155":0,"156":0,"157":0,"158":0,"159":0,"160":0,"161":2,"162":2,"163":2,"164":0,"165":2,"166":2,"167":1,"168":1,"169":1,"170":0,"171":0,"172":0,"173":0,"174":0,"175":0,"176":0,"177":0,"178":0,"179":0,"180":0,"181":0,"182":0,"183":0,"184":0,"185":0,"186":0,"187":0,"188":0,"189":0,"190":0,"191":0,"192":0,"193":0,"194":1,"195":1,"196":1,"197":0,"198":1,"199":1,"200":1,"201":0,"202":0,"203":0,"204":0,"205":0,"206":0,"207":0,"208":0,"209":0,"210":0,"211":0,"212":0,"213":0,"214":0,"215":0,"216":0,"217":0,"218":0,"219":0,"220":1,"221":1,"222":1,"223":1,"224":0,"225":1,"226":1,"227":0,"228":1,"229":1,"230":0,"231":0,"232":0,"233":0,"234":0,"235":0,"236":0,"237":0,"238":0,"239":0,"240":0,"241":0,"242":0,"243":0,"244":0,"245":0,"246":0,"247":0,"248":0,"249":0,"250":0,"251":0,"252":0,"253":1},"f":{"0":0,"1":0,"2":0,"3":0,"4":0,"5":0,"6":0,"7":0,"8":0,"9":0,"10":0,"11":0,"12":0,"13":9,"14":4,"15":0,"16":0,"17":0,"18":0,"19":0,"20":0,"21":3,"22":2,"23":1,"24":1,"25":0,"26":0,"27":0,"28":0,"29":0,"30":0,"31":0,"32":0,"33":0,"34":0,"35":2,"36":0,"37":1,"38":0,"39":1,"40":0,"41":0},"b":{"0":[0,0],"1":[0,0],"2":[0,0],"3":[0,0],"4":[0,0],"5":[0,0],"6":[0,0],"7":[0,0],"8":[0,0],"9":[0,0],"10":[0,0],"11":[0,0],"12":[0,0],"13":[0,0],"14":[0,0],"15":[0,0],"16":[0,0],"17":[0,9],"18":[1,8],"19":[8,0,0],"20":[0,8],"21":[8,0],"22":[0,0],"23":[0,8],"24":[8,0],"25":[0,4],"26":[4,4],"27":[0,0],"28":[1,1],"29":[0,1],"30":[1,0],"31":[1,1],"32":[0,1],"33":[0,1],"34":[0,1],"35":[1,0],"36":[0,0],"37":[0,1],"38":[0,0],"39":[0,0],"40":[0,0],"41":[0,0],"42":[0,0],"43":[0,0],"44":[0,0],"45":[0,0,0],"46":[0,0],"47":[0,0],"48":[0,2],"49":[1,1],"50":[1,0],"51":[0,0],"52":[0,0],"53":[0,0],"54":[0,0],"55":[0,0],"56":[0,0],"57":[0,0],"58":[0,0],"59":[0,1],"60":[1,0],"61":[0,0],"62":[0,0],"63":[0,0],"64":[0,0],"65":[0,0],"66":[0,0],"67":[0,1],"68":[0,1],"69":[1,0],"70":[0,0],"71":[0,0],"72":[0,0],"73":[0,0],"74":[0,0],"75":[0,0],"76":[0,0]}}
,"E:\\OJT NMMC\\nmmc-queueing-sys\\nmmcqueue-backend\\src\\modules\\monitor\\controller.ts": {"path":"E:\\OJT NMMC\\nmmc-queueing-sys\\nmmcqueue-backend\\src\\modules\\monitor\\controller.ts","statementMap":{"0":{"start":{"line":2,"column":0},"end":{"line":2,"column":65}},"1":{"start":{"line":3,"column":0},"end":{"line":3,"column":73}},"2":{"start":{"line":4,"column":0},"end":{"line":4,"column":46}},"3":{"start":{"line":5,"column":0},"end":{"line":5,"column":28}},"4":{"start":{"line":6,"column":0},"end":{"line":6,"column":24}},"5":{"start":{"line":7,"column":0},"end":{"line":7,"column":20}},"6":{"start":{"line":10,"column":16},"end":{"line":22,"column":2}},"7":{"start":{"line":12,"column":26},"end":{"line":12,"column":42}},"8":{"start":{"line":13,"column":8},"end":{"line":15,"column":9}},"9":{"start":{"line":14,"column":12},"end":{"line":14,"column":57}},"10":{"start":{"line":16,"column":8},"end":{"line":16,"column":28}},"11":{"start":{"line":19,"column":29},"end":{"line":19,"column":79}},"12":{"start":{"line":20,"column":8},"end":{"line":20,"column":88}},"13":{"start":{"line":24,"column":13},"end":{"line":36,"column":3}},"14":{"start":{"line":27,"column":8},"end":{"line":31,"column":9}},"15":{"start":{"line":28,"column":12},"end":{"line":28,"column":27}},"16":{"start":{"line":30,"column":12},"end":{"line":30,"column":57}},"17":{"start":{"line":39,"column":22},"end":{"line":42,"column":6}},"18":{"start":{"line":40,"column":23},"end":{"line":40,"column":61}},"19":{"start":{"line":41,"column":8},"end":{"line":41,"column":87}},"20":{"start":{"line":44,"column":26},"end":{"line":51,"column":6}},"21":{"start":{"line":45,"column":25},"end":{"line":45,"column":35}},"22":{"start":{"line":46,"column":23},"end":{"line":46,"column":69}},"23":{"start":{"line":47,"column":8},"end":{"line":50,"column":11}},"24":{"start":{"line":53,"column":27},"end":{"line":56,"column":6}},"25":{"start":{"line":54,"column":28},"end":{"line":54,"column":71}},"26":{"start":{"line":55,"column":8},"end":{"line":55,"column":67}},"27":{"start":{"line":58,"column":18},"end":{"line":69,"column":6}},"28":{"start":{"line":59,"column":33},"end":{"line":59,"column":41}},"29":{"start":{"line":60,"column":8},"end":{"line":63,"column":9}},"30":{"start":{"line":61,"column":12},"end":{"line":61,"column":86}},"31":{"start":{"line":62,"column":12},"end":{"line":62,"column":19}},"32":{"start":{"line":65,"column":25},"end":{"line":65,"column":63}},"33":{"start":{"line":66,"column":8},"end":{"line":66,"column":75}},"34":{"start":{"line":68,"column":8},"end":{"line":68,"column":68}},"35":{"start":{"line":72,"column":13},"end":{"line":72,"column":57}},"36":{"start":{"line":74,"column":13},"end":{"line":74,"column":55}}},"fnMap":{"0":{"name":"(anonymous_1)","decl":{"start":{"line":11,"column":17},"end":{"line":11,"column":18}},"loc":{"start":{"line":11,"column":35},"end":{"line":17,"column":5}}},"1":{"name":"(anonymous_2)","decl":{"start":{"line":18,"column":14},"end":{"line":18,"column":15}},"loc":{"start":{"line":18,"column":32},"end":{"line":21,"column":5}}},"2":{"name":"(anonymous_3)","decl":{"start":{"line":26,"column":16},"end":{"line":26,"column":17}},"loc":{"start":{"line":26,"column":34},"end":{"line":32,"column":5}}},"3":{"name":"(anonymous_4)","decl":{"start":{"line":39,"column":35},"end":{"line":39,"column":40}},"loc":{"start":{"line":39,"column":73},"end":{"line":42,"column":5}}},"4":{"name":"(anonymous_5)","decl":{"start":{"line":44,"column":39},"end":{"line":44,"column":44}},"loc":{"start":{"line":44,"column":77},"end":{"line":51,"column":5}}},"5":{"name":"(anonymous_6)","decl":{"start":{"line":53,"column":40},"end":{"line":53,"column":45}},"loc":{"start":{"line":53,"column":78},"end":{"line":56,"column":5}}},"6":{"name":"(anonymous_7)","decl":{"start":{"line":58,"column":31},"end":{"line":58,"column":36}},"loc":{"start":{"line":58,"column":69},"end":{"line":69,"column":5}}}},"branchMap":{"0":{"loc":{"start":{"line":13,"column":8},"end":{"line":15,"column":9}},"type":"if","locations":[{"start":{"line":13,"column":8},"end":{"line":15,"column":9}},{"start":{},"end":{}}]},"1":{"loc":{"start":{"line":27,"column":8},"end":{"line":31,"column":9}},"type":"if","locations":[{"start":{"line":27,"column":8},"end":{"line":31,"column":9}},{"start":{"line":29,"column":15},"end":{"line":31,"column":9}}]},"2":{"loc":{"start":{"line":49,"column":18},"end":{"line":49,"column":101}},"type":"cond-expr","locations":[{"start":{"line":49,"column":42},"end":{"line":49,"column":67}},{"start":{"line":49,"column":70},"end":{"line":49,"column":101}}]},"3":{"loc":{"start":{"line":60,"column":8},"end":{"line":63,"column":9}},"type":"if","locations":[{"start":{"line":60,"column":8},"end":{"line":63,"column":9}},{"start":{},"end":{}}]}},"s":{"0":1,"1":1,"2":1,"3":1,"4":1,"5":1,"6":1,"7":0,"8":0,"9":0,"10":0,"11":0,"12":0,"13":1,"14":0,"15":0,"16":0,"17":1,"18":1,"19":1,"20":1,"21":1,"22":1,"23":1,"24":1,"25":1,"26":1,"27":1,"28":1,"29":1,"30":1,"31":1,"32":0,"33":0,"34":0,"35":1,"36":1},"f":{"0":0,"1":0,"2":0,"3":1,"4":1,"5":1,"6":1},"b":{"0":[0,0],"1":[0,0],"2":[0,1],"3":[1,0]}}
,"E:\\OJT NMMC\\nmmc-queueing-sys\\nmmcqueue-backend\\src\\modules\\monitor\\routes.ts": {"path":"E:\\OJT NMMC\\nmmc-queueing-sys\\nmmcqueue-backend\\src\\modules\\monitor\\routes.ts","statementMap":{"0":{"start":{"line":1,"column":0},"end":{"line":1,"column":33}},"1":{"start":{"line":2,"column":0},"end":{"line":2,"column":55}},"2":{"start":{"line":3,"column":0},"end":{"line":3,"column":90}},"3":{"start":{"line":4,"column":0},"end":{"line":4,"column":83}},"4":{"start":{"line":5,"column":0},"end":{"line":5,"column":54}},"5":{"start":{"line":7,"column":13},"end":{"line":7,"column":38}},"6":{"start":{"line":10,"column":0},"end":{"line":10,"column":105}},"7":{"start":{"line":11,"column":0},"end":{"line":11,"column":89}},"8":{"start":{"line":12,"column":0},"end":{"line":12,"column":98}},"9":{"start":{"line":13,"column":0},"end":{"line":13,"column":71}},"10":{"start":{"line":16,"column":0},"end":{"line":21,"column":2}}},"fnMap":{},"branchMap":{},"s":{"0":1,"1":1,"2":1,"3":1,"4":1,"5":1,"6":1,"7":1,"8":1,"9":1,"10":1},"f":{},"b":{}}
,"E:\\OJT NMMC\\nmmc-queueing-sys\\nmmcqueue-backend\\src\\modules\\tickets\\service.ts": {"path":"E:\\OJT NMMC\\nmmc-queueing-sys\\nmmcqueue-backend\\src\\modules\\tickets\\service.ts","statementMap":{"0":{"start":{"line":2,"column":0},"end":{"line":2,"column":70}},"1":{"start":{"line":10,"column":34},"end":{"line":10,"column":70}},"2":{"start":{"line":11,"column":25},"end":{"line":17,"column":10}},"3":{"start":{"line":19,"column":8},"end":{"line":19,"column":30}},"4":{"start":{"line":27,"column":23},"end":{"line":27,"column":63}},"5":{"start":{"line":29,"column":8},"end":{"line":33,"column":11}},"6":{"start":{"line":32,"column":12},"end":{"line":32,"column":45}},"7":{"start":{"line":37,"column":13},"end":{"line":37,"column":49}}},"fnMap":{"0":{"name":"(anonymous_0)","decl":{"start":{"line":5,"column":4},"end":{"line":5,"column":9}},"loc":{"start":{"line":8,"column":56},"end":{"line":20,"column":5}}},"1":{"name":"(anonymous_1)","decl":{"start":{"line":26,"column":4},"end":{"line":26,"column":9}},"loc":{"start":{"line":26,"column":27},"end":{"line":34,"column":5}}},"2":{"name":"(anonymous_2)","decl":{"start":{"line":29,"column":30},"end":{"line":29,"column":35}},"loc":{"start":{"line":29,"column":43},"end":{"line":33,"column":9}}}},"branchMap":{"0":{"loc":{"start":{"line":7,"column":8},"end":{"line":7,"column":43}},"type":"default-arg","locations":[{"start":{"line":7,"column":30},"end":{"line":7,"column":43}}]},"1":{"loc":{"start":{"line":8,"column":8},"end":{"line":8,"column":56}},"type":"default-arg","locations":[{"start":{"line":8,"column":35},"end":{"line":8,"column":56}}]}},"s":{"0":1,"1":7,"2":7,"3":7,"4":0,"5":0,"6":0,"7":1},"f":{"0":7,"1":0,"2":0},"b":{"0":[3],"1":[4]}}
}
