TN:
SF:nmmcqueue-backend\src\lib\logger.ts
FN:23,sanitizeLogValue
FN:30,(anonymous_2)
FN:42,(anonymous_3)
FN:48,(anonymous_4)
FNF:4
FNH:4
FNDA:119,sanitizeLogValue
FNDA:105,(anonymous_2)
FNDA:14,(anonymous_3)
FNDA:7,(anonymous_4)
DA:1,4
DA:2,4
DA:4,4
DA:5,4
DA:6,4
DA:24,119
DA:25,0
DA:28,119
DA:29,14
DA:31,105
DA:32,0
DA:34,105
DA:39,105
DA:42,4
DA:43,14
DA:44,14
DA:48,4
DA:49,7
DA:50,7
DA:51,7
DA:53,7
DA:56,4
DA:82,4
DA:83,4
DA:93,4
LF:25
LH:23
BRDA:24,0,0,0
BRDA:24,0,1,119
BRDA:28,1,0,14
BRDA:28,1,1,105
BRDA:28,2,0,119
BRDA:28,2,1,119
BRDA:31,3,0,0
BRDA:31,3,1,105
BRDA:50,4,0,7
BRDA:50,4,1,0
BRDA:57,5,0,4
BRDA:57,5,1,4
BRDA:82,6,0,4
BRDA:82,6,1,0
BRF:14
BRH:10
end_of_record
TN:
SF:nmmcqueue-backend\src\lib\monitor-sanitizer.ts
FN:15,toIsoString
FN:22,sanitizeMonitorWindow
FN:37,sanitizeMonitorSnapshot
FN:44,(anonymous_3)
FN:45,(anonymous_4)
FN:46,(anonymous_5)
FN:50,sanitizePublicMonitorPayload
FN:68,(anonymous_7)
FNF:8
FNH:1
FNDA:0,toIsoString
FNDA:0,sanitizeMonitorWindow
FNDA:2,sanitizeMonitorSnapshot
FNDA:0,(anonymous_3)
FNDA:0,(anonymous_4)
FNDA:0,(anonymous_5)
FNDA:0,sanitizePublicMonitorPayload
FNDA:0,(anonymous_7)
DA:16,0
DA:17,0
DA:18,0
DA:19,0
DA:22,1
DA:23,0
DA:25,0
DA:37,1
DA:38,2
DA:39,0
DA:42,2
DA:44,0
DA:45,0
DA:46,0
DA:50,1
DA:51,0
DA:52,0
DA:55,0
DA:56,0
DA:57,0
DA:60,0
DA:61,0
DA:62,0
DA:65,0
DA:66,0
DA:68,0
DA:73,0
DA:74,0
DA:77,0
LF:29
LH:5
BRDA:16,0,0,0
BRDA:16,0,1,0
BRDA:17,1,0,0
BRDA:17,1,1,0
BRDA:19,2,0,0
BRDA:19,2,1,0
BRDA:23,3,0,0
BRDA:23,3,1,0
BRDA:26,4,0,0
BRDA:26,4,1,0
BRDA:27,5,0,0
BRDA:27,5,1,0
BRDA:28,6,0,0
BRDA:28,6,1,0
BRDA:29,7,0,0
BRDA:29,7,1,0
BRDA:30,8,0,0
BRDA:30,8,1,0
BRDA:32,9,0,0
BRDA:32,9,1,0
BRDA:32,10,0,0
BRDA:32,10,1,0
BRDA:38,11,0,0
BRDA:38,11,1,2
BRDA:43,12,0,2
BRDA:43,12,1,0
BRDA:46,13,0,2
BRDA:46,13,1,0
BRDA:51,14,0,0
BRDA:51,14,1,0
BRDA:51,15,0,0
BRDA:51,15,1,0
BRDA:55,16,0,0
BRDA:55,16,1,0
BRDA:57,17,0,0
BRDA:57,17,1,0
BRDA:60,18,0,0
BRDA:60,18,1,0
BRDA:62,19,0,0
BRDA:62,19,1,0
BRDA:65,20,0,0
BRDA:65,20,1,0
BRDA:67,21,0,0
BRDA:67,21,1,0
BRDA:73,22,0,0
BRDA:73,22,1,0
BRF:46
BRH:3
end_of_record
TN:
SF:nmmcqueue-backend\src\lib\queue-business-day.ts
FN:3,getQueueBusinessDay
FN:14,getBusinessTimeZone
FNF:2
FNH:2
FNDA:25,getQueueBusinessDay
FNDA:1,getBusinessTimeZone
DA:1,5
DA:3,5
DA:4,25
DA:11,25
DA:14,5
DA:15,1
LF:6
LH:6
BRDA:3,0,0,19
BRF:1
BRH:1
end_of_record
TN:
SF:nmmcqueue-backend\src\middleware\error-handler.ts
FN:10,(anonymous_1)
FN:19,getRequestUserId
FN:24,(anonymous_3)
FN:65,(anonymous_4)
FN:65,(anonymous_5)
FNF:5
FNH:5
FNDA:14,(anonymous_1)
FNDA:7,getRequestUserId
FNDA:7,(anonymous_3)
FNDA:30,(anonymous_4)
FNDA:21,(anonymous_5)
DA:2,4
DA:5,4
DA:11,14
DA:12,14
DA:13,14
DA:14,14
DA:15,14
DA:20,7
DA:21,7
DA:24,4
DA:25,7
DA:26,7
DA:27,7
DA:28,7
DA:31,7
DA:32,0
DA:39,7
DA:40,7
DA:48,7
DA:52,7
DA:65,30
DA:66,21
LF:22
LH:21
BRDA:10,0,0,0
BRDA:10,1,0,14
BRDA:25,2,0,7
BRDA:25,2,1,0
BRDA:26,3,0,7
BRDA:26,3,1,0
BRDA:26,4,0,7
BRDA:26,4,1,7
BRDA:31,5,0,0
BRDA:31,5,1,7
BRDA:39,6,0,7
BRDA:39,6,1,0
BRDA:48,7,0,0
BRDA:48,7,1,7
BRDA:50,8,0,7
BRDA:50,8,1,0
BRDA:56,9,0,7
BRDA:56,9,1,6
BRDA:57,10,0,7
BRDA:57,10,1,0
BRDA:58,11,0,7
BRDA:58,11,1,7
BRF:22
BRH:14
end_of_record
TN:
SF:nmmcqueue-backend\src\middleware\rate-limit.ts
FNF:0
FNH:0
DA:1,1
DA:8,1
DA:22,1
DA:37,1
DA:48,1
DA:59,1
LF:6
LH:6
BRF:0
BRH:0
end_of_record
TN:
SF:nmmcqueue-backend\src\middleware\rbac.ts
FN:22,hasCapability
FN:26,(anonymous_1)
FN:42,(anonymous_2)
FN:43,(anonymous_3)
FN:64,(anonymous_4)
FN:65,(anonymous_5)
FNF:6
FNH:6
FNDA:9,hasCapability
FNDA:3,(anonymous_1)
FNDA:7,(anonymous_2)
FNDA:20,(anonymous_3)
FNDA:7,(anonymous_4)
FNDA:9,(anonymous_5)
DA:2,3
DA:5,3
DA:23,9
DA:26,3
DA:27,3
DA:28,3
DA:29,3
DA:30,1
DA:32,2
DA:33,2
DA:35,0
DA:36,0
DA:38,0
DA:42,3
DA:43,7
DA:44,20
DA:45,20
DA:46,20
DA:47,1
DA:49,19
DA:50,19
DA:51,19
DA:52,5
DA:54,14
DA:56,0
DA:57,0
DA:59,0
DA:64,3
DA:65,7
DA:66,9
DA:67,9
DA:68,9
DA:69,0
DA:72,9
DA:73,9
DA:74,1
DA:80,8
DA:82,0
DA:83,0
DA:85,0
LF:40
LH:30
BRDA:23,0,0,9
BRDA:23,0,1,0
BRDA:29,1,0,1
BRDA:29,1,1,2
BRDA:35,2,0,0
BRDA:35,2,1,0
BRDA:35,3,0,0
BRDA:35,3,1,0
BRDA:46,4,0,1
BRDA:46,4,1,19
BRDA:51,5,0,5
BRDA:51,5,1,14
BRDA:51,6,0,19
BRDA:51,6,1,5
BRDA:56,7,0,0
BRDA:56,7,1,0
BRDA:56,8,0,0
BRDA:56,8,1,0
BRDA:68,9,0,0
BRDA:68,9,1,9
BRDA:73,10,0,1
BRDA:73,10,1,8
BRDA:82,11,0,0
BRDA:82,11,1,0
BRDA:82,12,0,0
BRDA:82,12,1,0
BRF:26
BRH:12
end_of_record
TN:
SF:nmmcqueue-backend\src\middleware\validate.ts
FN:9,(anonymous_0)
FN:10,(anonymous_1)
FN:26,(anonymous_2)
FNF:3
FNH:3
FNDA:19,(anonymous_0)
FNDA:20,(anonymous_1)
FNDA:9,(anonymous_2)
DA:2,2
DA:3,2
DA:9,2
DA:10,19
DA:11,20
DA:12,20
DA:19,14
DA:20,14
DA:21,14
DA:23,14
DA:25,6
DA:26,9
DA:27,6
DA:29,0
LF:14
LH:13
BRDA:25,0,0,6
BRDA:25,0,1,0
BRF:2
BRH:1
end_of_record
TN:
SF:nmmcqueue-backend\src\modules\auth\controller.ts
FN:13,(anonymous_0)
FN:41,(anonymous_1)
FN:47,(anonymous_2)
FN:53,(anonymous_3)
FN:73,(anonymous_4)
FN:106,(anonymous_5)
FN:122,(anonymous_6)
FN:151,(anonymous_7)
FN:155,(anonymous_8)
FN:156,(anonymous_9)
FN:170,(anonymous_10)
FN:184,(anonymous_11)
FN:214,(anonymous_12)
FN:216,(anonymous_13)
FN:240,(anonymous_14)
FN:249,(anonymous_15)
FNF:16
FNH:4
FNDA:1,(anonymous_0)
FNDA:1,(anonymous_1)
FNDA:1,(anonymous_2)
FNDA:0,(anonymous_3)
FNDA:0,(anonymous_4)
FNDA:0,(anonymous_5)
FNDA:0,(anonymous_6)
FNDA:0,(anonymous_7)
FNDA:0,(anonymous_8)
FNDA:0,(anonymous_9)
FNDA:0,(anonymous_10)
FNDA:0,(anonymous_11)
FNDA:0,(anonymous_12)
FNDA:0,(anonymous_13)
FNDA:0,(anonymous_14)
FNDA:1,(anonymous_15)
DA:2,1
DA:3,1
DA:5,1
DA:13,1
DA:14,1
DA:15,1
DA:16,1
DA:17,1
DA:19,1
DA:20,1
DA:21,1
DA:22,1
DA:25,1
DA:38,1
DA:41,1
DA:42,1
DA:43,1
DA:44,1
DA:47,1
DA:48,1
DA:49,1
DA:50,1
DA:53,1
DA:54,0
DA:55,0
DA:57,0
DA:58,0
DA:59,0
DA:60,0
DA:63,0
DA:70,0
DA:73,1
DA:74,0
DA:76,0
DA:88,0
DA:90,0
DA:106,0
DA:108,0
DA:112,0
DA:122,1
DA:123,0
DA:125,0
DA:130,0
DA:131,0
DA:132,0
DA:135,0
DA:136,0
DA:138,0
DA:139,0
DA:140,0
DA:143,0
DA:144,0
DA:146,0
DA:147,0
DA:151,0
DA:154,0
DA:155,0
DA:156,0
DA:161,0
DA:167,0
DA:168,0
DA:170,0
DA:179,0
DA:181,0
DA:184,1
DA:185,0
DA:187,0
DA:196,0
DA:198,0
DA:214,0
DA:216,0
DA:218,0
DA:219,0
DA:231,0
DA:234,0
DA:240,1
DA:241,0
DA:242,0
DA:246,0
DA:249,1
DA:250,1
DA:251,1
DA:258,1
DA:262,1
LF:84
LH:32
BRDA:14,0,0,0
BRDA:14,0,1,1
BRDA:20,1,0,1
BRDA:20,1,1,0
BRDA:33,2,0,1
BRDA:33,2,1,0
BRDA:34,3,0,1
BRDA:34,3,1,1
BRDA:42,4,0,0
BRDA:42,4,1,1
BRDA:48,5,0,0
BRDA:48,5,1,1
BRDA:54,6,0,0
BRDA:54,6,1,0
BRDA:58,7,0,0
BRDA:58,7,1,0
BRDA:58,8,0,0
BRDA:58,8,1,0
BRDA:74,9,0,0
BRDA:74,9,1,0
BRDA:88,10,0,0
BRDA:88,10,1,0
BRDA:123,11,0,0
BRDA:123,11,1,0
BRDA:130,12,0,0
BRDA:130,12,1,0
BRDA:131,13,0,0
BRDA:131,13,1,0
BRDA:131,14,0,0
BRDA:131,14,1,0
BRDA:135,15,0,0
BRDA:135,15,1,0
BRDA:139,16,0,0
BRDA:139,16,1,0
BRDA:146,17,0,0
BRDA:146,17,1,0
BRDA:158,18,0,0
BRDA:158,18,1,0
BRDA:167,19,0,0
BRDA:167,19,1,0
BRDA:196,20,0,0
BRDA:196,20,1,0
BRDA:218,21,0,0
BRDA:218,21,1,0
BRDA:218,22,0,0
BRDA:218,22,1,0
BRDA:231,23,0,0
BRDA:231,23,1,0
BRDA:241,24,0,0
BRDA:241,24,1,0
BRDA:250,25,0,0
BRDA:250,25,1,1
BRF:52
BRH:8
end_of_record
TN:
SF:nmmcqueue-backend\src\modules\auth\routes.ts
FNF:0
FNH:0
DA:1,1
DA:2,1
DA:3,1
DA:4,1
DA:5,1
DA:6,1
DA:7,1
DA:17,1
DA:19,1
DA:22,1
DA:23,1
DA:24,1
DA:25,1
DA:26,1
DA:27,1
DA:28,1
DA:29,1
DA:30,1
DA:31,1
LF:19
LH:19
BRF:0
BRH:0
end_of_record
TN:
SF:nmmcqueue-backend\src\modules\auth\schema.ts
FNF:0
FNH:0
DA:1,1
DA:5,1
DA:16,1
DA:25,1
DA:34,1
DA:44,1
DA:56,1
DA:65,1
LF:8
LH:8
BRF:0
BRH:0
end_of_record
TN:
SF:nmmcqueue-backend\src\modules\caller\controller.ts
FN:7,(anonymous_0)
FN:13,(anonymous_1)
FN:18,(anonymous_2)
FN:25,(anonymous_3)
FN:35,(anonymous_4)
FN:44,(anonymous_5)
FN:49,(anonymous_6)
FN:54,(anonymous_7)
FN:59,(anonymous_8)
FN:64,(anonymous_9)
FN:71,(anonymous_10)
FN:78,(anonymous_11)
FN:85,(anonymous_12)
FN:92,(anonymous_13)
FN:101,(anonymous_14)
FN:107,(anonymous_15)
FN:114,(anonymous_16)
FNF:17
FNH:13
FNDA:1,(anonymous_0)
FNDA:0,(anonymous_1)
FNDA:1,(anonymous_2)
FNDA:1,(anonymous_3)
FNDA:1,(anonymous_4)
FNDA:0,(anonymous_5)
FNDA:0,(anonymous_6)
FNDA:1,(anonymous_7)
FNDA:1,(anonymous_8)
FNDA:1,(anonymous_9)
FNDA:1,(anonymous_10)
FNDA:1,(anonymous_11)
FNDA:1,(anonymous_12)
FNDA:0,(anonymous_13)
FNDA:1,(anonymous_14)
FNDA:1,(anonymous_15)
FNDA:1,(anonymous_16)
DA:2,1
DA:4,1
DA:7,1
DA:8,1
DA:9,1
DA:10,1
DA:13,1
DA:14,0
DA:15,0
DA:18,1
DA:19,1
DA:20,1
DA:21,1
DA:22,1
DA:25,1
DA:26,1
DA:27,1
DA:28,1
DA:30,0
DA:31,0
DA:35,1
DA:36,1
DA:37,1
DA:38,1
DA:40,0
DA:44,1
DA:45,0
DA:46,0
DA:49,1
DA:50,0
DA:51,0
DA:54,1
DA:55,1
DA:56,1
DA:59,1
DA:60,1
DA:61,1
DA:64,1
DA:65,1
DA:66,1
DA:67,1
DA:68,1
DA:71,1
DA:72,1
DA:73,1
DA:74,1
DA:75,1
DA:78,1
DA:79,1
DA:80,1
DA:81,1
DA:82,0
DA:85,1
DA:86,1
DA:87,1
DA:88,1
DA:89,1
DA:92,1
DA:93,0
DA:94,0
DA:95,0
DA:96,0
DA:97,0
DA:98,0
DA:101,1
DA:102,1
DA:103,1
DA:104,1
DA:107,1
DA:108,1
DA:109,1
DA:110,1
DA:111,1
DA:114,1
DA:115,1
DA:116,1
DA:117,1
DA:118,1
DA:122,1
LF:79
LH:63
BRDA:30,0,0,0
BRDA:30,0,1,0
BRDA:50,1,0,0
BRDA:50,1,1,0
BRDA:96,2,0,0
BRDA:96,2,1,0
BRF:6
BRH:0
end_of_record
TN:
SF:nmmcqueue-backend\src\modules\caller\routes.ts
FNF:0
FNH:0
DA:1,1
DA:2,1
DA:3,1
DA:4,1
DA:5,1
DA:14,1
DA:17,1
DA:18,1
DA:19,1
DA:22,1
DA:23,1
DA:24,1
DA:25,1
DA:28,1
DA:29,1
DA:30,1
DA:31,1
DA:32,1
DA:33,1
DA:34,1
DA:37,1
LF:21
LH:21
BRF:0
BRH:0
end_of_record
TN:
SF:nmmcqueue-backend\src\modules\caller\schema.ts
FNF:0
FNH:0
DA:1,1
DA:5,1
DA:12,1
DA:24,1
DA:33,1
DA:39,1
DA:45,1
LF:7
LH:7
BRF:0
BRH:0
end_of_record
TN:
SF:nmmcqueue-backend\src\modules\caller\service.ts
FN:9,(anonymous_1)
FN:10,(anonymous_2)
FN:20,(anonymous_3)
FN:37,(anonymous_4)
FN:38,(anonymous_5)
FN:40,(anonymous_6)
FN:54,(anonymous_7)
FN:64,(anonymous_8)
FN:80,(anonymous_9)
FN:84,(anonymous_10)
FN:105,(anonymous_11)
FN:115,(anonymous_12)
FN:116,(anonymous_13)
FN:148,(anonymous_14)
FN:199,(anonymous_15)
FN:209,(anonymous_16)
FN:210,(anonymous_17)
FN:214,(anonymous_18)
FN:224,(anonymous_19)
FN:234,(anonymous_20)
FN:235,(anonymous_21)
FN:242,(anonymous_22)
FN:290,(anonymous_23)
FN:307,(anonymous_24)
FN:307,(anonymous_25)
FN:382,(anonymous_26)
FN:383,(anonymous_27)
FN:383,(anonymous_28)
FN:389,(anonymous_29)
FN:391,(anonymous_30)
FN:393,(anonymous_31)
FN:408,(anonymous_32)
FN:412,(anonymous_33)
FN:416,(anonymous_34)
FN:416,(anonymous_35)
FN:480,(anonymous_36)
FN:512,(anonymous_37)
FN:548,(anonymous_38)
FN:590,(anonymous_39)
FN:606,(anonymous_40)
FN:638,(anonymous_41)
FN:659,(anonymous_42)
FNF:42
FNH:9
FNDA:0,(anonymous_1)
FNDA:0,(anonymous_2)
FNDA:0,(anonymous_3)
FNDA:0,(anonymous_4)
FNDA:0,(anonymous_5)
FNDA:0,(anonymous_6)
FNDA:0,(anonymous_7)
FNDA:0,(anonymous_8)
FNDA:0,(anonymous_9)
FNDA:0,(anonymous_10)
FNDA:0,(anonymous_11)
FNDA:0,(anonymous_12)
FNDA:0,(anonymous_13)
FNDA:9,(anonymous_14)
FNDA:4,(anonymous_15)
FNDA:0,(anonymous_16)
FNDA:0,(anonymous_17)
FNDA:0,(anonymous_18)
FNDA:0,(anonymous_19)
FNDA:0,(anonymous_20)
FNDA:0,(anonymous_21)
FNDA:3,(anonymous_22)
FNDA:2,(anonymous_23)
FNDA:1,(anonymous_24)
FNDA:1,(anonymous_25)
FNDA:0,(anonymous_26)
FNDA:0,(anonymous_27)
FNDA:0,(anonymous_28)
FNDA:0,(anonymous_29)
FNDA:0,(anonymous_30)
FNDA:0,(anonymous_31)
FNDA:0,(anonymous_32)
FNDA:0,(anonymous_33)
FNDA:0,(anonymous_34)
FNDA:0,(anonymous_35)
FNDA:2,(anonymous_36)
FNDA:0,(anonymous_37)
FNDA:1,(anonymous_38)
FNDA:0,(anonymous_39)
FNDA:1,(anonymous_40)
FNDA:0,(anonymous_41)
FNDA:0,(anonymous_42)
DA:1,1
DA:2,1
DA:3,1
DA:4,1
DA:5,1
DA:6,1
DA:7,1
DA:9,1
DA:10,1
DA:12,1
DA:21,0
DA:22,0
DA:27,0
DA:28,0
DA:31,0
DA:38,0
DA:40,0
DA:41,0
DA:42,0
DA:43,0
DA:44,0
DA:46,0
DA:47,0
DA:50,0
DA:57,0
DA:58,0
DA:61,0
DA:65,0
DA:74,0
DA:75,0
DA:81,0
DA:85,0
DA:89,0
DA:90,0
DA:91,0
DA:92,0
DA:95,0
DA:100,0
DA:109,0
DA:112,0
DA:115,0
DA:116,0
DA:117,0
DA:122,0
DA:123,0
DA:124,0
DA:126,0
DA:127,0
DA:130,0
DA:131,0
DA:132,0
DA:135,0
DA:138,0
DA:142,0
DA:149,9
DA:150,0
DA:153,9
DA:169,9
DA:170,1
DA:174,8
DA:176,8
DA:177,0
DA:181,0
DA:184,8
DA:185,0
DA:192,8
DA:200,4
DA:201,0
DA:209,0
DA:211,0
DA:212,0
DA:214,0
DA:215,0
DA:223,0
DA:224,0
DA:231,0
DA:234,0
DA:236,0
DA:240,0
DA:243,3
DA:244,2
DA:245,2
DA:247,2
DA:257,2
DA:258,1
DA:259,1
DA:260,0
DA:262,1
DA:263,1
DA:271,1
DA:291,2
DA:292,2
DA:293,2
DA:295,2
DA:303,2
DA:304,1
DA:307,1
DA:308,1
DA:314,1
DA:315,0
DA:319,1
DA:320,0
DA:321,0
DA:324,1
DA:336,1
DA:338,0
DA:351,0
DA:352,0
DA:355,0
DA:359,0
DA:374,1
DA:375,1
DA:376,0
DA:377,0
DA:379,1
DA:383,0
DA:384,0
DA:388,0
DA:389,0
DA:391,0
DA:394,0
DA:395,0
DA:397,0
DA:409,0
DA:413,0
DA:414,0
DA:416,0
DA:417,0
DA:427,0
DA:428,0
DA:431,0
DA:433,0
DA:434,0
DA:440,0
DA:441,0
DA:442,0
DA:444,0
DA:447,0
DA:461,0
DA:462,0
DA:465,0
DA:469,0
DA:472,0
DA:473,0
DA:474,0
DA:475,0
DA:477,0
DA:481,2
DA:482,2
DA:487,2
DA:488,2
DA:490,2
DA:491,1
DA:493,1
DA:494,1
DA:497,0
DA:504,0
DA:505,0
DA:506,0
DA:507,0
DA:509,0
DA:513,0
DA:514,0
DA:515,0
DA:519,0
DA:520,0
DA:522,0
DA:523,0
DA:525,0
DA:526,0
DA:528,0
DA:529,0
DA:532,0
DA:540,0
DA:541,0
DA:542,0
DA:543,0
DA:545,0
DA:549,1
DA:550,1
DA:554,1
DA:555,1
DA:557,1
DA:558,1
DA:561,0
DA:562,0
DA:564,0
DA:565,0
DA:568,0
DA:581,0
DA:582,0
DA:583,0
DA:585,0
DA:586,0
DA:587,0
DA:591,0
DA:595,0
DA:597,0
DA:598,0
DA:600,0
DA:604,0
DA:607,1
DA:608,1
DA:609,1
DA:613,1
DA:614,1
DA:616,1
DA:617,0
DA:619,1
DA:620,1
DA:623,0
DA:630,0
DA:631,0
DA:632,0
DA:633,0
DA:635,0
DA:639,0
DA:640,0
DA:643,0
DA:655,0
DA:656,0
DA:659,0
DA:660,0
DA:662,0
DA:663,0
DA:665,0
DA:666,0
DA:667,0
DA:670,0
DA:673,0
DA:674,0
DA:675,0
DA:678,0
DA:689,1
LF:234
LH:67
BRDA:27,0,0,0
BRDA:27,0,1,0
BRDA:43,1,0,0
BRDA:43,1,1,0
BRDA:44,2,0,0
BRDA:44,2,1,0
BRDA:46,3,0,0
BRDA:46,3,1,0
BRDA:57,4,0,0
BRDA:57,4,1,0
BRDA:74,5,0,0
BRDA:74,5,1,0
BRDA:90,6,0,0
BRDA:90,6,1,0
BRDA:112,7,0,0
BRDA:112,7,1,0
BRDA:115,8,0,0
BRDA:115,8,1,0
BRDA:126,9,0,0
BRDA:126,9,1,0
BRDA:126,10,0,0
BRDA:126,10,1,0
BRDA:126,11,0,0
BRDA:126,11,1,0
BRDA:130,12,0,0
BRDA:130,12,1,0
BRDA:138,13,0,0
BRDA:138,13,1,0
BRDA:139,14,0,0
BRDA:139,14,1,0
BRDA:140,15,0,0
BRDA:140,15,1,0
BRDA:140,16,0,0
BRDA:140,16,1,0
BRDA:149,17,0,0
BRDA:149,17,1,9
BRDA:169,18,0,1
BRDA:169,18,1,8
BRDA:174,19,0,8
BRDA:174,19,1,0
BRDA:174,19,2,0
BRDA:176,20,0,0
BRDA:176,20,1,8
BRDA:176,21,0,8
BRDA:176,21,1,0
BRDA:181,22,0,0
BRDA:181,22,1,0
BRDA:184,23,0,0
BRDA:184,23,1,8
BRDA:195,24,0,8
BRDA:195,24,1,0
BRDA:200,25,0,0
BRDA:200,25,1,4
BRDA:200,26,0,4
BRDA:200,26,1,4
BRDA:240,27,0,0
BRDA:240,27,1,0
BRDA:257,28,0,1
BRDA:257,28,1,1
BRDA:259,29,0,0
BRDA:259,29,1,1
BRDA:262,30,0,1
BRDA:262,30,1,0
BRDA:303,31,0,1
BRDA:303,31,1,1
BRDA:314,32,0,0
BRDA:314,32,1,1
BRDA:319,33,0,0
BRDA:319,33,1,1
BRDA:326,34,0,0
BRDA:326,34,1,1
BRDA:336,35,0,1
BRDA:336,35,1,0
BRDA:351,36,0,0
BRDA:351,36,1,0
BRDA:375,37,0,0
BRDA:375,37,1,1
BRDA:391,38,0,0
BRDA:391,38,1,0
BRDA:395,39,0,0
BRDA:395,39,1,0
BRDA:427,40,0,0
BRDA:427,40,1,0
BRDA:433,41,0,0
BRDA:433,41,1,0
BRDA:433,42,0,0
BRDA:433,42,1,0
BRDA:440,43,0,0
BRDA:440,43,1,0
BRDA:441,44,0,0
BRDA:441,44,1,0
BRDA:441,45,0,0
BRDA:441,45,1,0
BRDA:441,45,2,0
BRDA:461,46,0,0
BRDA:461,46,1,0
BRDA:473,47,0,0
BRDA:473,47,1,0
BRDA:487,48,0,0
BRDA:487,48,1,2
BRDA:490,49,0,1
BRDA:490,49,1,1
BRDA:493,50,0,1
BRDA:493,50,1,0
BRDA:505,51,0,0
BRDA:505,51,1,0
BRDA:519,52,0,0
BRDA:519,52,1,0
BRDA:522,53,0,0
BRDA:522,53,1,0
BRDA:522,54,0,0
BRDA:522,54,1,0
BRDA:525,55,0,0
BRDA:525,55,1,0
BRDA:528,56,0,0
BRDA:528,56,1,0
BRDA:528,57,0,0
BRDA:528,57,1,0
BRDA:541,58,0,0
BRDA:541,58,1,0
BRDA:554,59,0,0
BRDA:554,59,1,1
BRDA:557,60,0,1
BRDA:557,60,1,0
BRDA:561,61,0,0
BRDA:561,61,1,0
BRDA:561,62,0,0
BRDA:561,62,1,0
BRDA:564,63,0,0
BRDA:564,63,1,0
BRDA:581,64,0,0
BRDA:581,64,1,0
BRDA:595,65,0,0
BRDA:595,65,1,0
BRDA:598,66,0,0
BRDA:598,66,1,0
BRDA:613,67,0,0
BRDA:613,67,1,1
BRDA:616,68,0,0
BRDA:616,68,1,1
BRDA:619,69,0,1
BRDA:619,69,1,0
BRDA:631,70,0,0
BRDA:631,70,1,0
BRDA:639,71,0,0
BRDA:639,71,1,0
BRDA:655,72,0,0
BRDA:655,72,1,0
BRDA:665,73,0,0
BRDA:665,73,1,0
BRDA:673,74,0,0
BRDA:673,74,1,0
BRDA:680,75,0,0
BRDA:680,75,1,0
BRDA:681,76,0,0
BRDA:681,76,1,0
BRF:156
BRH:31
end_of_record
TN:
SF:nmmcqueue-backend\src\modules\monitor\controller.ts
FN:11,(anonymous_1)
FN:18,(anonymous_2)
FN:26,(anonymous_3)
FN:39,(anonymous_4)
FN:44,(anonymous_5)
FN:53,(anonymous_6)
FN:58,(anonymous_7)
FNF:7
FNH:4
FNDA:0,(anonymous_1)
FNDA:0,(anonymous_2)
FNDA:0,(anonymous_3)
FNDA:1,(anonymous_4)
FNDA:1,(anonymous_5)
FNDA:1,(anonymous_6)
FNDA:1,(anonymous_7)
DA:2,1
DA:3,1
DA:4,1
DA:5,1
DA:6,1
DA:7,1
DA:10,1
DA:12,0
DA:13,0
DA:14,0
DA:16,0
DA:19,0
DA:20,0
DA:24,1
DA:27,0
DA:28,0
DA:30,0
DA:39,1
DA:40,1
DA:41,1
DA:44,1
DA:45,1
DA:46,1
DA:47,1
DA:53,1
DA:54,1
DA:55,1
DA:58,1
DA:59,1
DA:60,1
DA:61,1
DA:62,1
DA:65,0
DA:66,0
DA:68,0
DA:72,1
DA:74,1
LF:37
LH:25
BRDA:13,0,0,0
BRDA:13,0,1,0
BRDA:27,1,0,0
BRDA:27,1,1,0
BRDA:49,2,0,0
BRDA:49,2,1,1
BRDA:60,3,0,1
BRDA:60,3,1,0
BRF:8
BRH:2
end_of_record
TN:
SF:nmmcqueue-backend\src\modules\monitor\routes.ts
FNF:0
FNH:0
DA:1,1
DA:2,1
DA:3,1
DA:4,1
DA:5,1
DA:7,1
DA:10,1
DA:11,1
DA:12,1
DA:13,1
DA:16,1
LF:11
LH:11
BRF:0
BRH:0
end_of_record
TN:
SF:nmmcqueue-backend\src\modules\tickets\service.ts
FN:5,(anonymous_0)
FN:26,(anonymous_1)
FN:29,(anonymous_2)
FNF:3
FNH:1
FNDA:7,(anonymous_0)
FNDA:0,(anonymous_1)
FNDA:0,(anonymous_2)
DA:2,1
DA:10,7
DA:11,7
DA:19,7
DA:27,0
DA:29,0
DA:32,0
DA:37,1
LF:8
LH:5
BRDA:7,0,0,3
BRDA:8,1,0,4
BRF:2
BRH:2
end_of_record
